#
# There is insufficient memory for the Java Runtime Environment to continue.
# Native memory allocation (malloc) failed to allocate 1048576 bytes for AllocateHeap
# Possible reasons:
#   The system is out of physical RAM or swap space
#   The process is running with CompressedOops enabled, and the Java Heap may be blocking the growth of the native heap
# Possible solutions:
#   Reduce memory load on the system
#   Increase physical memory or swap space
#   Check if swap backing store is full
#   Decrease Java heap size (-Xmx/-Xms)
#   Decrease number of Java threads
#   Decrease Java thread stack sizes (-Xss)
#   Set larger code cache with -XX:ReservedCodeCacheSize=
#   JVM is running with Unscaled Compressed Oops mode in which the Java heap is
#     placed in the first 4GB address space. The Java Heap base address is the
#     maximum limit for the native heap growth. Please use -XX:HeapBaseMinAddress
#     to set the Java Heap base and to place the Java Heap above 4GB virtual address.
# This output file may be truncated or incomplete.
#
#  Out of Memory Error (./open/src/hotspot/share/memory/allocation.cpp:44), pid=18956, tid=2360
#
# JRE version: OpenJDK Runtime Environment (14.0.2+12) (build 14.0.2+12-46)
# Java VM: OpenJDK 64-Bit Server VM (14.0.2+12-46, mixed mode, tiered, compressed oops, g1 gc, windows-amd64)
# No core dump will be written. Minidumps are not enabled by default on client versions of Windows
#

---------------  S U M M A R Y ------------

Command Line: -ea -Dfile.encoding=UTF-8 -XX:+ShowCodeDetailsInExceptionMessages org.eclipse.jdt.internal.junit.runner.RemoteTestRunner -version 3 -port 59006 -testLoaderClass org.eclipse.jdt.internal.junit5.runner.JUnit5TestLoader -loaderpluginname org.eclipse.jdt.junit5.runtime -classNames projeto.junit5.tests.TestFacebook

Host: Intel(R) Core(TM) i5-7200U CPU @ 2.50GHz, 4 cores, 7G,  Windows 10 , 64 bit Build 18362 (10.0.18362.1316)
Time: Sat May 15 19:06:47 2021 Hora oficial do Brasil elapsed time: 0 seconds (0d 0h 0m 0s)

---------------  T H R E A D  ---------------

Current thread (0x000001c9e7b8d800):  VMThread "VM Thread" [stack: 0x000000299c300000,0x000000299c400000] [id=2360]

Stack: [0x000000299c300000,0x000000299c400000]
[error occurred during error reporting (printing stack bounds), id 0xc0000005, EXCEPTION_ACCESS_VIOLATION (0xc0000005) at pc=0x000001c9d13110ad]

Native frames: (J=compiled Java code, j=interpreted, Vv=VM code, C=native code)
V  [jvm.dll+0x5f8a9a]
V  [jvm.dll+0x74247a]
V  [jvm.dll+0x743c2f]
V  [jvm.dll+0x7441d5]
V  [jvm.dll+0x74418b]
V  [jvm.dll+0x5f7f6f]
V  [jvm.dll+0x5f8738]
C  [ntdll.dll+0xa184f]
C  [ntdll.dll+0x6a889]
C  [ntdll.dll+0xa04be]
C  0x000001c9d13110ad

VM_Operation (0x000000299bdfbb50): CollectForMetadataAllocation, mode: safepoint, requested by thread 0x000001c9cd654000


---------------  P R O C E S S  ---------------

Threads class SMR info:
_java_thread_list=0x000001c9e8448c30, length=13, elements={
0x000001c9cd654000, 0x000001c9e737a800, 0x000001c9e737e000, 0x000001c9e7bb8000,
0x000001c9e7bbb000, 0x000001c9e7bbc800, 0x000001c9e7bce000, 0x000001c9e7bd7800,
0x000001c9e7c3f000, 0x000001c9e7d7d800, 0x000001c9e7d96800, 0x000001c9e8248800,
0x000001c9e843f000
}

Java Threads: ( => current thread )
  0x000001c9cd654000 JavaThread "main" [_thread_blocked, id=10356, stack(0x000000299bd00000,0x000000299be00000)]
  0x000001c9e737a800 JavaThread "Reference Handler" daemon [_thread_blocked, id=17988, stack(0x000000299c400000,0x000000299c500000)]
  0x000001c9e737e000 JavaThread "Finalizer" daemon [_thread_blocked, id=5784, stack(0x000000299c500000,0x000000299c600000)]
  0x000001c9e7bb8000 JavaThread "Signal Dispatcher" daemon [_thread_blocked, id=19832, stack(0x000000299c600000,0x000000299c700000)]
  0x000001c9e7bbb000 JavaThread "Attach Listener" daemon [_thread_blocked, id=10268, stack(0x000000299c700000,0x000000299c800000)]
  0x000001c9e7bbc800 JavaThread "Service Thread" daemon [_thread_blocked, id=10508, stack(0x000000299c800000,0x000000299c900000)]
  0x000001c9e7bce000 JavaThread "C2 CompilerThread0" daemon [_thread_blocked, id=19756, stack(0x000000299c900000,0x000000299ca00000)]
  0x000001c9e7bd7800 JavaThread "C1 CompilerThread0" daemon [_thread_blocked, id=8548, stack(0x000000299ca00000,0x000000299cb00000)]
  0x000001c9e7c3f000 JavaThread "Sweeper thread" daemon [_thread_blocked, id=16284, stack(0x000000299cb00000,0x000000299cc00000)]
  0x000001c9e7d7d800 JavaThread "Notification Thread" daemon [_thread_blocked, id=3224, stack(0x000000299cc00000,0x000000299cd00000)]
  0x000001c9e7d96800 JavaThread "Common-Cleaner" daemon [_thread_blocked, id=6864, stack(0x000000299ce00000,0x000000299cf00000)]
  0x000001c9e8248800 JavaThread "C2 CompilerThread1" daemon [_thread_blocked, id=17932, stack(0x000000299cf00000,0x000000299d000000)]
  0x000001c9e843f000 JavaThread "ReaderThread" [_thread_in_native, id=6664, stack(0x000000299d000000,0x000000299d100000)]

Other Threads:
=>0x000001c9e7b8d800 VMThread "VM Thread" [stack: 0x000000299c300000,0x000000299c400000] [id=2360]
  0x000001c9e7d7e800 WatcherThread [stack: 0x000000299cd00000,0x000000299ce00000] [id=17624]
  0x000001c9cd694800 GCTaskThread "GC Thread#0" [stack: 0x000000299be00000,0x000000299bf00000] [id=6928]
  0x000001c9e87a1000 GCTaskThread "GC Thread#1" [stack: 0x000000299d100000,0x000000299d200000] [id=4028]
  0x000001c9e86fc800 GCTaskThread "GC Thread#2" [stack: 0x000000299d200000,0x000000299d300000] [id=3988]
  0x000001c9e834d800 GCTaskThread "GC Thread#3" [stack: 0x000000299d300000,0x000000299d400000] [id=19260]
  0x000001c9cd6a6800 ConcurrentGCThread "G1 Main Marker" [stack: 0x000000299bf00000,0x000000299c000000] [id=20356]
  0x000001c9cd6aa800 ConcurrentGCThread "G1 Conc#0" [stack: 0x000000299c000000,0x000000299c100000] [id=2980]
  0x000001c9cd71e000 ConcurrentGCThread "G1 Refine#0" [stack: 0x000000299c100000,0x000000299c200000] [id=3024]
  0x000001c9e7199800 ConcurrentGCThread "G1 Young RemSet Sampling" [stack: 0x000000299c200000,0x000000299c300000] [id=8912]

Threads with active compile tasks:

VM state:at safepoint (normal execution)

VM Mutex/Monitor currently owned by a thread:  ([mutex/lock_event])
[0x000001c9cd650c90] Threads_lock - owner thread: 0x000001c9e7b8d800
[0x000001c9cd64fcd0] Heap_lock - owner thread: 0x000001c9cd654000

Heap address: 0x0000000081800000, size: 2024 MB, Compressed Oops mode: 32-bit
Narrow klass base: 0x0000000000000000, Narrow klass shift: 3
Compressed class space size: 1073741824 Address: 0x0000000100000000

Heap:
 garbage-first heap   total 131072K, used 3293K [0x0000000081800000, 0x0000000100000000)
  region size 1024K, 1 young (1024K), 1 survivors (1024K)
 Metaspace       used 11445K, capacity 11640K, committed 11776K, reserved 1069056K
  class space    used 1076K, capacity 1157K, committed 1280K, reserved 1048576K
Heap Regions: E=young(eden), S=young(survivor), O=old, HS=humongous(starts), HC=humongous(continues), CS=collection set, F=free, OA=open archive, CA=closed archive, TAMS=top-at-mark-start (previous, next)
|   0|0x0000000081800000, 0x0000000081900000, 0x0000000081900000|100%| O|  |TAMS 0x0000000081800000, 0x00000000818ef800| Untracked 
|   1|0x0000000081900000, 0x0000000081a00000, 0x0000000081a00000|100%| O|  |TAMS 0x0000000081900000, 0x0000000081900000| Untracked 
|   2|0x0000000081a00000, 0x0000000081b00000, 0x0000000081b00000|100%| O|  |TAMS 0x0000000081a00000, 0x0000000081a00000| Untracked 
|   3|0x0000000081b00000, 0x0000000081b00000, 0x0000000081c00000|  0%| F|  |TAMS 0x0000000081b00000, 0x0000000081b00000| Untracked 
|   4|0x0000000081c00000, 0x0000000081c00000, 0x0000000081d00000|  0%| F|  |TAMS 0x0000000081c00000, 0x0000000081c00000| Untracked 
|   5|0x0000000081d00000, 0x0000000081d00000, 0x0000000081e00000|  0%| F|  |TAMS 0x0000000081d00000, 0x0000000081d00000| Untracked 
|   6|0x0000000081e00000, 0x0000000081e00000, 0x0000000081f00000|  0%| F|  |TAMS 0x0000000081e00000, 0x0000000081e00000| Untracked 
|   7|0x0000000081f00000, 0x0000000081f00000, 0x0000000082000000|  0%| F|  |TAMS 0x0000000081f00000, 0x0000000081f00000| Untracked 
|   8|0x0000000082000000, 0x0000000082000000, 0x0000000082100000|  0%| F|  |TAMS 0x0000000082000000, 0x0000000082000000| Untracked 
|   9|0x0000000082100000, 0x0000000082100000, 0x0000000082200000|  0%| F|  |TAMS 0x0000000082100000, 0x0000000082100000| Untracked 
|  10|0x0000000082200000, 0x0000000082200000, 0x0000000082300000|  0%| F|  |TAMS 0x0000000082200000, 0x0000000082200000| Untracked 
|  11|0x0000000082300000, 0x0000000082300000, 0x0000000082400000|  0%| F|  |TAMS 0x0000000082300000, 0x0000000082300000| Untracked 
|  12|0x0000000082400000, 0x0000000082400000, 0x0000000082500000|  0%| F|  |TAMS 0x0000000082400000, 0x0000000082400000| Untracked 
|  13|0x0000000082500000, 0x0000000082500000, 0x0000000082600000|  0%| F|  |TAMS 0x0000000082500000, 0x0000000082500000| Untracked 
|  14|0x0000000082600000, 0x0000000082600000, 0x0000000082700000|  0%| F|  |TAMS 0x0000000082600000, 0x0000000082600000| Untracked 
|  15|0x0000000082700000, 0x0000000082700000, 0x0000000082800000|  0%| F|  |TAMS 0x0000000082700000, 0x0000000082700000| Untracked 
|  16|0x0000000082800000, 0x0000000082800000, 0x0000000082900000|  0%| F|  |TAMS 0x0000000082800000, 0x0000000082800000| Untracked 
|  17|0x0000000082900000, 0x0000000082900000, 0x0000000082a00000|  0%| F|  |TAMS 0x0000000082900000, 0x0000000082900000| Untracked 
|  18|0x0000000082a00000, 0x0000000082a00000, 0x0000000082b00000|  0%| F|  |TAMS 0x0000000082a00000, 0x0000000082a00000| Untracked 
|  19|0x0000000082b00000, 0x0000000082b00000, 0x0000000082c00000|  0%| F|  |TAMS 0x0000000082b00000, 0x0000000082b00000| Untracked 
|  20|0x0000000082c00000, 0x0000000082c00000, 0x0000000082d00000|  0%| F|  |TAMS 0x0000000082c00000, 0x0000000082c00000| Untracked 
|  21|0x0000000082d00000, 0x0000000082d00000, 0x0000000082e00000|  0%| F|  |TAMS 0x0000000082d00000, 0x0000000082d00000| Untracked 
|  22|0x0000000082e00000, 0x0000000082e00000, 0x0000000082f00000|  0%| F|  |TAMS 0x0000000082e00000, 0x0000000082e00000| Untracked 
|  23|0x0000000082f00000, 0x0000000082f00000, 0x0000000083000000|  0%| F|  |TAMS 0x0000000082f00000, 0x0000000082f00000| Untracked 
|  24|0x0000000083000000, 0x0000000083000000, 0x0000000083100000|  0%| F|  |TAMS 0x0000000083000000, 0x0000000083000000| Untracked 
|  25|0x0000000083100000, 0x0000000083100000, 0x0000000083200000|  0%| F|  |TAMS 0x0000000083100000, 0x0000000083100000| Untracked 
|  26|0x0000000083200000, 0x0000000083200000, 0x0000000083300000|  0%| F|  |TAMS 0x0000000083200000, 0x0000000083200000| Untracked 
|  27|0x0000000083300000, 0x0000000083300000, 0x0000000083400000|  0%| F|  |TAMS 0x0000000083300000, 0x0000000083300000| Untracked 
|  28|0x0000000083400000, 0x0000000083400000, 0x0000000083500000|  0%| F|  |TAMS 0x0000000083400000, 0x0000000083400000| Untracked 
|  29|0x0000000083500000, 0x0000000083500000, 0x0000000083600000|  0%| F|  |TAMS 0x0000000083500000, 0x0000000083500000| Untracked 
|  30|0x0000000083600000, 0x0000000083600000, 0x0000000083700000|  0%| F|  |TAMS 0x0000000083600000, 0x0000000083600000| Untracked 
|  31|0x0000000083700000, 0x0000000083700000, 0x0000000083800000|  0%| F|  |TAMS 0x0000000083700000, 0x0000000083700000| Untracked 
|  32|0x0000000083800000, 0x0000000083800000, 0x0000000083900000|  0%| F|  |TAMS 0x0000000083800000, 0x0000000083800000| Untracked 
|  33|0x0000000083900000, 0x0000000083900000, 0x0000000083a00000|  0%| F|  |TAMS 0x0000000083900000, 0x0000000083900000| Untracked 
|  34|0x0000000083a00000, 0x0000000083a00000, 0x0000000083b00000|  0%| F|  |TAMS 0x0000000083a00000, 0x0000000083a00000| Untracked 
|  35|0x0000000083b00000, 0x0000000083b00000, 0x0000000083c00000|  0%| F|  |TAMS 0x0000000083b00000, 0x0000000083b00000| Untracked 
|  36|0x0000000083c00000, 0x0000000083c00000, 0x0000000083d00000|  0%| F|  |TAMS 0x0000000083c00000, 0x0000000083c00000| Untracked 
|  37|0x0000000083d00000, 0x0000000083d00000, 0x0000000083e00000|  0%| F|  |TAMS 0x0000000083d00000, 0x0000000083d00000| Untracked 
|  38|0x0000000083e00000, 0x0000000083e00000, 0x0000000083f00000|  0%| F|  |TAMS 0x0000000083e00000, 0x0000000083e00000| Untracked 
|  39|0x0000000083f00000, 0x0000000083f00000, 0x0000000084000000|  0%| F|  |TAMS 0x0000000083f00000, 0x0000000083f00000| Untracked 
|  40|0x0000000084000000, 0x0000000084000000, 0x0000000084100000|  0%| F|  |TAMS 0x0000000084000000, 0x0000000084000000| Untracked 
|  41|0x0000000084100000, 0x0000000084100000, 0x0000000084200000|  0%| F|  |TAMS 0x0000000084100000, 0x0000000084100000| Untracked 
|  42|0x0000000084200000, 0x0000000084200000, 0x0000000084300000|  0%| F|  |TAMS 0x0000000084200000, 0x0000000084200000| Untracked 
|  43|0x0000000084300000, 0x0000000084300000, 0x0000000084400000|  0%| F|  |TAMS 0x0000000084300000, 0x0000000084300000| Untracked 
|  44|0x0000000084400000, 0x0000000084400000, 0x0000000084500000|  0%| F|  |TAMS 0x0000000084400000, 0x0000000084400000| Untracked 
|  45|0x0000000084500000, 0x0000000084500000, 0x0000000084600000|  0%| F|  |TAMS 0x0000000084500000, 0x0000000084500000| Untracked 
|  46|0x0000000084600000, 0x0000000084600000, 0x0000000084700000|  0%| F|  |TAMS 0x0000000084600000, 0x0000000084600000| Untracked 
|  47|0x0000000084700000, 0x0000000084700000, 0x0000000084800000|  0%| F|  |TAMS 0x0000000084700000, 0x0000000084700000| Untracked 
|  48|0x0000000084800000, 0x0000000084800000, 0x0000000084900000|  0%| F|  |TAMS 0x0000000084800000, 0x0000000084800000| Untracked 
|  49|0x0000000084900000, 0x0000000084900000, 0x0000000084a00000|  0%| F|  |TAMS 0x0000000084900000, 0x0000000084900000| Untracked 
|  50|0x0000000084a00000, 0x0000000084a00000, 0x0000000084b00000|  0%| F|  |TAMS 0x0000000084a00000, 0x0000000084a00000| Untracked 
|  51|0x0000000084b00000, 0x0000000084b00000, 0x0000000084c00000|  0%| F|  |TAMS 0x0000000084b00000, 0x0000000084b00000| Untracked 
|  52|0x0000000084c00000, 0x0000000084c00000, 0x0000000084d00000|  0%| F|  |TAMS 0x0000000084c00000, 0x0000000084c00000| Untracked 
|  53|0x0000000084d00000, 0x0000000084d00000, 0x0000000084e00000|  0%| F|  |TAMS 0x0000000084d00000, 0x0000000084d00000| Untracked 
|  54|0x0000000084e00000, 0x0000000084e00000, 0x0000000084f00000|  0%| F|  |TAMS 0x0000000084e00000, 0x0000000084e00000| Untracked 
|  55|0x0000000084f00000, 0x0000000084f00000, 0x0000000085000000|  0%| F|  |TAMS 0x0000000084f00000, 0x0000000084f00000| Untracked 
|  56|0x0000000085000000, 0x0000000085000000, 0x0000000085100000|  0%| F|  |TAMS 0x0000000085000000, 0x0000000085000000| Untracked 
|  57|0x0000000085100000, 0x0000000085100000, 0x0000000085200000|  0%| F|  |TAMS 0x0000000085100000, 0x0000000085100000| Untracked 
|  58|0x0000000085200000, 0x0000000085200000, 0x0000000085300000|  0%| F|  |TAMS 0x0000000085200000, 0x0000000085200000| Untracked 
|  59|0x0000000085300000, 0x0000000085300000, 0x0000000085400000|  0%| F|  |TAMS 0x0000000085300000, 0x0000000085300000| Untracked 
|  60|0x0000000085400000, 0x0000000085400000, 0x0000000085500000|  0%| F|  |TAMS 0x0000000085400000, 0x0000000085400000| Untracked 
|  61|0x0000000085500000, 0x0000000085500000, 0x0000000085600000|  0%| F|  |TAMS 0x0000000085500000, 0x0000000085500000| Untracked 
|  62|0x0000000085600000, 0x0000000085600000, 0x0000000085700000|  0%| F|  |TAMS 0x0000000085600000, 0x0000000085600000| Untracked 
|  63|0x0000000085700000, 0x0000000085700000, 0x0000000085800000|  0%| F|  |TAMS 0x0000000085700000, 0x0000000085700000| Untracked 
|  64|0x0000000085800000, 0x0000000085800000, 0x0000000085900000|  0%| F|  |TAMS 0x0000000085800000, 0x0000000085800000| Untracked 
|  65|0x0000000085900000, 0x0000000085900000, 0x0000000085a00000|  0%| F|  |TAMS 0x0000000085900000, 0x0000000085900000| Untracked 
|  66|0x0000000085a00000, 0x0000000085a00000, 0x0000000085b00000|  0%| F|  |TAMS 0x0000000085a00000, 0x0000000085a00000| Untracked 
|  67|0x0000000085b00000, 0x0000000085b00000, 0x0000000085c00000|  0%| F|  |TAMS 0x0000000085b00000, 0x0000000085b00000| Untracked 
|  68|0x0000000085c00000, 0x0000000085c00000, 0x0000000085d00000|  0%| F|  |TAMS 0x0000000085c00000, 0x0000000085c00000| Untracked 
|  69|0x0000000085d00000, 0x0000000085d00000, 0x0000000085e00000|  0%| F|  |TAMS 0x0000000085d00000, 0x0000000085d00000| Untracked 
|  70|0x0000000085e00000, 0x0000000085e00000, 0x0000000085f00000|  0%| F|  |TAMS 0x0000000085e00000, 0x0000000085e00000| Untracked 
|  71|0x0000000085f00000, 0x0000000085f00000, 0x0000000086000000|  0%| F|  |TAMS 0x0000000085f00000, 0x0000000085f00000| Untracked 
|  72|0x0000000086000000, 0x0000000086000000, 0x0000000086100000|  0%| F|  |TAMS 0x0000000086000000, 0x0000000086000000| Untracked 
|  73|0x0000000086100000, 0x0000000086100000, 0x0000000086200000|  0%| F|  |TAMS 0x0000000086100000, 0x0000000086100000| Untracked 
|  74|0x0000000086200000, 0x0000000086200000, 0x0000000086300000|  0%| F|  |TAMS 0x0000000086200000, 0x0000000086200000| Untracked 
|  75|0x0000000086300000, 0x0000000086300000, 0x0000000086400000|  0%| F|  |TAMS 0x0000000086300000, 0x0000000086300000| Untracked 
|  76|0x0000000086400000, 0x0000000086400000, 0x0000000086500000|  0%| F|  |TAMS 0x0000000086400000, 0x0000000086400000| Untracked 
|  77|0x0000000086500000, 0x0000000086500000, 0x0000000086600000|  0%| F|  |TAMS 0x0000000086500000, 0x0000000086500000| Untracked 
|  78|0x0000000086600000, 0x0000000086600000, 0x0000000086700000|  0%| F|  |TAMS 0x0000000086600000, 0x0000000086600000| Untracked 
|  79|0x0000000086700000, 0x0000000086700000, 0x0000000086800000|  0%| F|  |TAMS 0x0000000086700000, 0x0000000086700000| Untracked 
|  80|0x0000000086800000, 0x0000000086800000, 0x0000000086900000|  0%| F|  |TAMS 0x0000000086800000, 0x0000000086800000| Untracked 
|  81|0x0000000086900000, 0x0000000086900000, 0x0000000086a00000|  0%| F|  |TAMS 0x0000000086900000, 0x0000000086900000| Untracked 
|  82|0x0000000086a00000, 0x0000000086a00000, 0x0000000086b00000|  0%| F|  |TAMS 0x0000000086a00000, 0x0000000086a00000| Untracked 
|  83|0x0000000086b00000, 0x0000000086b00000, 0x0000000086c00000|  0%| F|  |TAMS 0x0000000086b00000, 0x0000000086b00000| Untracked 
|  84|0x0000000086c00000, 0x0000000086c00000, 0x0000000086d00000|  0%| F|  |TAMS 0x0000000086c00000, 0x0000000086c00000| Untracked 
|  85|0x0000000086d00000, 0x0000000086d00000, 0x0000000086e00000|  0%| F|  |TAMS 0x0000000086d00000, 0x0000000086d00000| Untracked 
|  86|0x0000000086e00000, 0x0000000086e00000, 0x0000000086f00000|  0%| F|  |TAMS 0x0000000086e00000, 0x0000000086e00000| Untracked 
|  87|0x0000000086f00000, 0x0000000086f00000, 0x0000000087000000|  0%| F|  |TAMS 0x0000000086f00000, 0x0000000086f00000| Untracked 
|  88|0x0000000087000000, 0x0000000087000000, 0x0000000087100000|  0%| F|  |TAMS 0x0000000087000000, 0x0000000087000000| Untracked 
|  89|0x0000000087100000, 0x0000000087100000, 0x0000000087200000|  0%| F|  |TAMS 0x0000000087100000, 0x0000000087100000| Untracked 
|  90|0x0000000087200000, 0x0000000087200000, 0x0000000087300000|  0%| F|  |TAMS 0x0000000087200000, 0x0000000087200000| Untracked 
|  91|0x0000000087300000, 0x0000000087300000, 0x0000000087400000|  0%| F|  |TAMS 0x0000000087300000, 0x0000000087300000| Untracked 
|  92|0x0000000087400000, 0x0000000087400000, 0x0000000087500000|  0%| F|  |TAMS 0x0000000087400000, 0x0000000087400000| Untracked 
|  93|0x0000000087500000, 0x0000000087500000, 0x0000000087600000|  0%| F|  |TAMS 0x0000000087500000, 0x0000000087500000| Untracked 
|  94|0x0000000087600000, 0x0000000087600000, 0x0000000087700000|  0%| F|  |TAMS 0x0000000087600000, 0x0000000087600000| Untracked 
|  95|0x0000000087700000, 0x0000000087700000, 0x0000000087800000|  0%| F|  |TAMS 0x0000000087700000, 0x0000000087700000| Untracked 
|  96|0x0000000087800000, 0x0000000087800000, 0x0000000087900000|  0%| F|  |TAMS 0x0000000087800000, 0x0000000087800000| Untracked 
|  97|0x0000000087900000, 0x0000000087900000, 0x0000000087a00000|  0%| F|  |TAMS 0x0000000087900000, 0x0000000087900000| Untracked 
|  98|0x0000000087a00000, 0x0000000087a00000, 0x0000000087b00000|  0%| F|  |TAMS 0x0000000087a00000, 0x0000000087a00000| Untracked 
|  99|0x0000000087b00000, 0x0000000087b00000, 0x0000000087c00000|  0%| F|  |TAMS 0x0000000087b00000, 0x0000000087b00000| Untracked 
| 100|0x0000000087c00000, 0x0000000087c00000, 0x0000000087d00000|  0%| F|  |TAMS 0x0000000087c00000, 0x0000000087c00000| Untracked 
| 101|0x0000000087d00000, 0x0000000087d00000, 0x0000000087e00000|  0%| F|  |TAMS 0x0000000087d00000, 0x0000000087d00000| Untracked 
| 102|0x0000000087e00000, 0x0000000087e00000, 0x0000000087f00000|  0%| F|  |TAMS 0x0000000087e00000, 0x0000000087e00000| Untracked 
| 103|0x0000000087f00000, 0x0000000087f00000, 0x0000000088000000|  0%| F|  |TAMS 0x0000000087f00000, 0x0000000087f00000| Untracked 
| 104|0x0000000088000000, 0x0000000088000000, 0x0000000088100000|  0%| F|  |TAMS 0x0000000088000000, 0x0000000088000000| Untracked 
| 105|0x0000000088100000, 0x0000000088100000, 0x0000000088200000|  0%| F|  |TAMS 0x0000000088100000, 0x0000000088100000| Untracked 
| 106|0x0000000088200000, 0x0000000088200000, 0x0000000088300000|  0%| F|  |TAMS 0x0000000088200000, 0x0000000088200000| Untracked 
| 107|0x0000000088300000, 0x0000000088300000, 0x0000000088400000|  0%| F|  |TAMS 0x0000000088300000, 0x0000000088300000| Untracked 
| 108|0x0000000088400000, 0x0000000088400000, 0x0000000088500000|  0%| F|  |TAMS 0x0000000088400000, 0x0000000088400000| Untracked 
| 109|0x0000000088500000, 0x0000000088500000, 0x0000000088600000|  0%| F|  |TAMS 0x0000000088500000, 0x0000000088500000| Untracked 
| 110|0x0000000088600000, 0x0000000088600000, 0x0000000088700000|  0%| F|  |TAMS 0x0000000088600000, 0x0000000088600000| Untracked 
| 111|0x0000000088700000, 0x0000000088700000, 0x0000000088800000|  0%| F|  |TAMS 0x0000000088700000, 0x0000000088700000| Untracked 
| 112|0x0000000088800000, 0x0000000088800000, 0x0000000088900000|  0%| F|  |TAMS 0x0000000088800000, 0x0000000088800000| Untracked 
| 113|0x0000000088900000, 0x0000000088900000, 0x0000000088a00000|  0%| F|  |TAMS 0x0000000088900000, 0x0000000088900000| Untracked 
| 114|0x0000000088a00000, 0x0000000088a00000, 0x0000000088b00000|  0%| F|  |TAMS 0x0000000088a00000, 0x0000000088a00000| Untracked 
| 115|0x0000000088b00000, 0x0000000088b00000, 0x0000000088c00000|  0%| F|  |TAMS 0x0000000088b00000, 0x0000000088b00000| Untracked 
| 116|0x0000000088c00000, 0x0000000088c00000, 0x0000000088d00000|  0%| F|  |TAMS 0x0000000088c00000, 0x0000000088c00000| Untracked 
| 117|0x0000000088d00000, 0x0000000088d00000, 0x0000000088e00000|  0%| F|  |TAMS 0x0000000088d00000, 0x0000000088d00000| Untracked 
| 118|0x0000000088e00000, 0x0000000088e00000, 0x0000000088f00000|  0%| F|  |TAMS 0x0000000088e00000, 0x0000000088e00000| Untracked 
| 119|0x0000000088f00000, 0x0000000088f00000, 0x0000000089000000|  0%| F|  |TAMS 0x0000000088f00000, 0x0000000088f00000| Untracked 
| 120|0x0000000089000000, 0x0000000089000000, 0x0000000089100000|  0%| F|  |TAMS 0x0000000089000000, 0x0000000089000000| Untracked 
| 121|0x0000000089100000, 0x0000000089100000, 0x0000000089200000|  0%| F|  |TAMS 0x0000000089100000, 0x0000000089100000| Untracked 
| 122|0x0000000089200000, 0x0000000089200000, 0x0000000089300000|  0%| F|  |TAMS 0x0000000089200000, 0x0000000089200000| Untracked 
| 123|0x0000000089300000, 0x0000000089300000, 0x0000000089400000|  0%| F|  |TAMS 0x0000000089300000, 0x0000000089300000| Untracked 
| 124|0x0000000089400000, 0x0000000089400000, 0x0000000089500000|  0%| F|  |TAMS 0x0000000089400000, 0x0000000089400000| Untracked 
| 125|0x0000000089500000, 0x0000000089500000, 0x0000000089600000|  0%| F|  |TAMS 0x0000000089500000, 0x0000000089500000| Untracked 
| 126|0x0000000089600000, 0x0000000089637480, 0x0000000089700000| 21%| S|CS|TAMS 0x0000000089600000, 0x0000000089600000| Complete 
| 127|0x0000000089700000, 0x0000000089700000, 0x0000000089800000|  0%| F|  |TAMS 0x0000000089700000, 0x0000000089700000| Untracked 

Card table byte_map: [0x000001c9e0710000,0x000001c9e0b10000] _byte_map_base: 0x000001c9e0304000

Marking Bits (Prev, Next): (CMBitMap*) 0x000001c9cd695f88, (CMBitMap*) 0x000001c9cd695fc8
 Prev Bits: [0x000001c9e0f10000, 0x000001c9e2eb0000)
 Next Bits: [0x000001c9e2eb0000, 0x000001c9e4e50000)

Polling page: 0x000001c9cb410000

Metaspace:

Usage:
  Non-class:     10.24 MB capacity,    10.13 MB ( 99%) used,    98.17 KB ( <1%) free+waste,    15.44 KB ( <1%) overhead. 
      Class:      1.13 MB capacity,     1.05 MB ( 93%) used,    73.48 KB (  6%) free+waste,     7.13 KB ( <1%) overhead. 
       Both:     11.37 MB capacity,    11.18 MB ( 98%) used,   171.65 KB (  1%) free+waste,    22.56 KB ( <1%) overhead. 

Virtual space:
  Non-class space:       20.00 MB reserved,      10.25 MB ( 51%) committed 
      Class space:        1.00 GB reserved,       1.25 MB ( <1%) committed 
             Both:        1.02 GB reserved,      11.50 MB (  1%) committed 

Chunk freelists:
   Non-Class:  13.00 KB
       Class:  27.00 KB
        Both:  40.00 KB

MaxMetaspaceSize: 17179869184.00 GB
CompressedClassSpaceSize: 1.00 GB

CodeHeap 'non-profiled nmethods': size=120000Kb used=281Kb max_used=281Kb free=119719Kb
 bounds [0x000001c9d8de0000, 0x000001c9d9050000, 0x000001c9e0310000]
CodeHeap 'profiled nmethods': size=120000Kb used=1457Kb max_used=1457Kb free=118542Kb
 bounds [0x000001c9d18b0000, 0x000001c9d1b20000, 0x000001c9d8de0000]
CodeHeap 'non-nmethods': size=5760Kb used=1145Kb max_used=1171Kb free=4614Kb
 bounds [0x000001c9d1310000, 0x000001c9d1580000, 0x000001c9d18b0000]
 total_blobs=1226 nmethods=832 adapters=307
 compilation: enabled
              stopped_count=0, restarted_count=0
 full_count=0

Compilation events (20 events):
Event: 0.866 Thread 0x000001c9e7bd7800  823       3       jdk.internal.org.objectweb.asm.SymbolTable::hash (20 bytes)
Event: 0.866 Thread 0x000001c9e7bd7800 nmethod 823 0x000001c9d1a18f10 code [0x000001c9d1a190e0, 0x000001c9d1a192a8]
Event: 0.866 Thread 0x000001c9e7bd7800  824       3       java.util.jar.JarVerifier$VerifierStream::read (107 bytes)
Event: 0.866 Thread 0x000001c9e7bd7800 nmethod 824 0x000001c9d1a19410 code [0x000001c9d1a19600, 0x000001c9d1a19b78]
Event: 0.867 Thread 0x000001c9e7bd7800  825       1       sun.security.util.ManifestEntryVerifier::getEntry (5 bytes)
Event: 0.867 Thread 0x000001c9e7bd7800 nmethod 825 0x000001c9d8e26110 code [0x000001c9d8e262a0, 0x000001c9d8e26358]
Event: 0.867 Thread 0x000001c9e7bd7800  826       3       java.security.MessageDigest::isEqual (100 bytes)
Event: 0.867 Thread 0x000001c9e7bd7800 nmethod 826 0x000001c9d1a19d90 code [0x000001c9d1a19f40, 0x000001c9d1a1a2f8]
Event: 0.867 Thread 0x000001c9e7bd7800  827       3       java.lang.invoke.MemberName::isResolved (13 bytes)
Event: 0.867 Thread 0x000001c9e7bd7800 nmethod 827 0x000001c9d1a1a410 code [0x000001c9d1a1a5a0, 0x000001c9d1a1a6f8]
Event: 0.867 Thread 0x000001c9e7bd7800  828       3       java.lang.invoke.MemberName::isConstructor (8 bytes)
Event: 0.867 Thread 0x000001c9e7bd7800 nmethod 828 0x000001c9d1a1a790 code [0x000001c9d1a1a940, 0x000001c9d1a1ab78]
Event: 0.868 Thread 0x000001c9e7bd7800  829       3       jdk.internal.org.objectweb.asm.MethodVisitor::<init> (47 bytes)
Event: 0.868 Thread 0x000001c9e7bd7800 nmethod 829 0x000001c9d1a1ac90 code [0x000001c9d1a1ae40, 0x000001c9d1a1b1a8]
Event: 0.868 Thread 0x000001c9e7bd7800  830       3       sun.security.provider.DigestBase::implCompressMultiBlockCheck (67 bytes)
Event: 0.869 Thread 0x000001c9e7bd7800 nmethod 830 0x000001c9d1a1b290 code [0x000001c9d1a1b480, 0x000001c9d1a1b908]
Event: 0.869 Thread 0x000001c9e7bd7800  831       3       jdk.internal.ref.PhantomCleanable::clean (16 bytes)
Event: 0.869 Thread 0x000001c9e7bd7800 nmethod 831 0x000001c9d1a1bb10 code [0x000001c9d1a1bcc0, 0x000001c9d1a1bf78]
Event: 0.869 Thread 0x000001c9e7bd7800  832       3       jdk.internal.ref.CleanerImpl$PhantomCleanableRef::performCleanup (10 bytes)
Event: 0.869 Thread 0x000001c9e7bd7800 nmethod 832 0x000001c9d1a1c090 code [0x000001c9d1a1c240, 0x000001c9d1a1c408]

GC Heap History (4 events):
Event: 0.853 GC heap before
{Heap before GC invocations=0 (full 0):
 garbage-first heap   total 131072K, used 12288K [0x0000000081800000, 0x0000000100000000)
  region size 1024K, 13 young (13312K), 0 survivors (0K)
 Metaspace       used 11323K, capacity 11522K, committed 11648K, reserved 1060864K
  class space    used 1065K, capacity 1117K, committed 1152K, reserved 1048576K
}
Event: 0.858 GC heap after
{Heap after GC invocations=1 (full 0):
 garbage-first heap   total 131072K, used 3006K [0x0000000081800000, 0x0000000100000000)
  region size 1024K, 2 young (2048K), 2 survivors (2048K)
 Metaspace       used 11323K, capacity 11522K, committed 11648K, reserved 1060864K
  class space    used 1065K, capacity 1117K, committed 1152K, reserved 1048576K
}
Event: 0.872 GC heap before
{Heap before GC invocations=1 (full 0):
 garbage-first heap   total 131072K, used 3006K [0x0000000081800000, 0x0000000100000000)
  region size 1024K, 3 young (3072K), 2 survivors (2048K)
 Metaspace       used 11445K, capacity 11640K, committed 11776K, reserved 1067008K
  class space    used 1076K, capacity 1157K, committed 1280K, reserved 1048576K
}
Event: 0.874 GC heap after
{Heap after GC invocations=2 (full 0):
 garbage-first heap   total 131072K, used 3293K [0x0000000081800000, 0x0000000100000000)
  region size 1024K, 1 young (1024K), 1 survivors (1024K)
 Metaspace       used 11445K, capacity 11640K, committed 11776K, reserved 1067008K
  class space    used 1076K, capacity 1157K, committed 1280K, reserved 1048576K
}

Deoptimization events (20 events):
Event: 0.658 Thread 0x000001c9cd654000 DEOPT PACKING pc=0x000001c9d1932abd sp=0x000000299bdf8980
Event: 0.659 Thread 0x000001c9cd654000 DEOPT UNPACKING pc=0x000001c9d135964e sp=0x000000299bdf7e38 mode 0
Event: 0.660 Thread 0x000001c9cd654000 DEOPT PACKING pc=0x000001c9d1932888 sp=0x000000299bdf8de0
Event: 0.660 Thread 0x000001c9cd654000 DEOPT UNPACKING pc=0x000001c9d135964e sp=0x000000299bdf8298 mode 0
Event: 0.663 Thread 0x000001c9cd654000 DEOPT PACKING pc=0x000001c9d19636fa sp=0x000000299bdfdc80
Event: 0.663 Thread 0x000001c9cd654000 DEOPT UNPACKING pc=0x000001c9d135964e sp=0x000000299bdfd0f0 mode 0
Event: 0.675 Thread 0x000001c9cd654000 DEOPT PACKING pc=0x000001c9d19636fa sp=0x000000299bdfce70
Event: 0.675 Thread 0x000001c9cd654000 DEOPT UNPACKING pc=0x000001c9d135964e sp=0x000000299bdfc2e0 mode 0
Event: 0.750 Thread 0x000001c9cd654000 DEOPT PACKING pc=0x000001c9d18e505f sp=0x000000299bdfd500
Event: 0.750 Thread 0x000001c9cd654000 DEOPT UNPACKING pc=0x000001c9d135964e sp=0x000000299bdfc978 mode 0
Event: 0.782 Thread 0x000001c9cd654000 Uncommon trap: trap_request=0xffffff45 fr.pc=0x000001c9d8e0a7d0 relative=0x00000000000000b0
Event: 0.782 Thread 0x000001c9cd654000 Uncommon trap: reason=unstable_if action=reinterpret pc=0x000001c9d8e0a7d0 method=jdk.internal.misc.Unsafe.getLongUnaligned(Ljava/lang/Object;J)J @ 7 c2
Event: 0.782 Thread 0x000001c9cd654000 DEOPT PACKING pc=0x000001c9d8e0a7d0 sp=0x000000299bdfc4d0
Event: 0.782 Thread 0x000001c9cd654000 DEOPT UNPACKING pc=0x000001c9d135912f sp=0x000000299bdfc480 mode 2
Event: 0.795 Thread 0x000001c9cd654000 Uncommon trap: trap_request=0xffffff45 fr.pc=0x000001c9d8df37e4 relative=0x0000000000000044
Event: 0.795 Thread 0x000001c9cd654000 Uncommon trap: reason=unstable_if action=reinterpret pc=0x000001c9d8df37e4 method=java.lang.CharacterData.of(I)Ljava/lang/CharacterData; @ 4 c2
Event: 0.795 Thread 0x000001c9cd654000 DEOPT PACKING pc=0x000001c9d8df37e4 sp=0x000000299bdfd4e0
Event: 0.795 Thread 0x000001c9cd654000 DEOPT UNPACKING pc=0x000001c9d135912f sp=0x000000299bdfd480 mode 2
Event: 0.810 Thread 0x000001c9cd654000 DEOPT PACKING pc=0x000001c9d1933709 sp=0x000000299bdf8ef0
Event: 0.810 Thread 0x000001c9cd654000 DEOPT UNPACKING pc=0x000001c9d135964e sp=0x000000299bdf8370 mode 0

Classes unloaded (0 events):
No events

Classes redefined (0 events):
No events

Internal exceptions (5 events):
Event: 0.769 Thread 0x000001c9cd654000 Exception <a 'java/lang/NoSuchMethodError'{0x0000000088da20b0}: 'int java.lang.invoke.DirectMethodHandle$Holder.invokeVirtual(java.lang.Object, java.lang.Object)'> (0x0000000088da20b0) 
thrown [./open/src/hotspot/share/interpreter/linkResolver.cpp, line 766]
Event: 0.799 Thread 0x000001c9cd654000 Exception <a 'java/lang/NoSuchMethodError'{0x0000000088c37008}: 'java.lang.Object java.lang.invoke.DirectMethodHandle$Holder.invokeStaticInit(java.lang.Object, int)'> (0x0000000088c37008) 
thrown [./open/src/hotspot/share/interpreter/linkResolver.cpp, line 766]
Event: 0.830 Thread 0x000001c9cd654000 Exception <a 'java/lang/NoSuchMethodError'{0x0000000088b72b78}: 'int java.lang.invoke.DirectMethodHandle$Holder.invokeSpecialIFC(java.lang.Object, java.lang.Object, java.lang.Object, java.lang.Object)'> (0x0000000088b72b78) 
thrown [./open/src/hotspot/share/interpreter/linkResolver.cpp, line 766]
Event: 0.859 Thread 0x000001c9cd654000 Exception <a 'java/lang/NoSuchMethodError'{0x0000000089702dd0}: 'void java.lang.invoke.DirectMethodHandle$Holder.invokeInterface(java.lang.Object, java.lang.Object)'> (0x0000000089702dd0) 
thrown [./open/src/hotspot/share/interpreter/linkResolver.cpp, line 766]
Event: 0.859 Thread 0x000001c9cd654000 Exception <a 'java/lang/IncompatibleClassChangeError'{0x0000000089705a68}: Found class java.lang.Object, but interface was expected> (0x0000000089705a68) 
thrown [./open/src/hotspot/share/interpreter/linkResolver.cpp, line 832]

Events (20 events):
Event: 0.842 loading class java/util/function/BiConsumer done
Event: 0.842 loading class java/util/function/BinaryOperator
Event: 0.842 loading class java/util/function/BinaryOperator done
Event: 0.843 loading class java/util/stream/ReduceOps
Event: 0.843 loading class java/util/stream/ReduceOps done
Event: 0.843 loading class java/util/stream/ReduceOps$3
Event: 0.843 loading class java/util/stream/ReduceOps$ReduceOp
Event: 0.843 loading class java/util/stream/ReduceOps$ReduceOp done
Event: 0.843 loading class java/util/stream/ReduceOps$3 done
Event: 0.843 loading class java/util/stream/ReduceOps$3ReducingSink
Event: 0.843 loading class java/util/stream/ReduceOps$AccumulatingSink
Event: 0.843 loading class java/util/stream/ReduceOps$AccumulatingSink done
Event: 0.843 loading class java/util/stream/ReduceOps$Box
Event: 0.843 loading class java/util/stream/ReduceOps$Box done
Event: 0.843 loading class java/util/stream/ReduceOps$3ReducingSink done
Event: 0.843 loading class java/util/stream/ReferencePipeline$2$1
Event: 0.843 loading class java/util/stream/ReferencePipeline$2$1 done
Event: 0.853 Executing VM operation: G1CollectForAllocation
Event: 0.858 Executing VM operation: G1CollectForAllocation done
Event: 0.871 Executing VM operation: CollectForMetadataAllocation


Dynamic libraries:
0x00007ff762000000 - 0x00007ff76200d000 	C:\Users\Nataliaado\.p2\pool\plugins\org.eclipse.justj.openjdk.hotspot.jre.full.win32.x86_64_14.0.2.v20200815-0932\jre\bin\javaw.exe
0x00007ff983560000 - 0x00007ff983750000 	C:\WINDOWS\SYSTEM32\ntdll.dll
0x00007ff982090000 - 0x00007ff982142000 	C:\WINDOWS\System32\KERNEL32.DLL
0x00007ff980f30000 - 0x00007ff9811d5000 	C:\WINDOWS\System32\KERNELBASE.dll
0x00007ff9814b0000 - 0x00007ff9815aa000 	C:\WINDOWS\System32\ucrtbase.dll
0x00007ff961580000 - 0x00007ff961598000 	C:\Users\Nataliaado\.p2\pool\plugins\org.eclipse.justj.openjdk.hotspot.jre.full.win32.x86_64_14.0.2.v20200815-0932\jre\bin\jli.dll
0x00007ff981e90000 - 0x00007ff982024000 	C:\WINDOWS\System32\USER32.dll
0x00007ff9815b0000 - 0x00007ff9815d1000 	C:\WINDOWS\System32\win32u.dll
0x00007ff9834f0000 - 0x00007ff983516000 	C:\WINDOWS\System32\GDI32.dll
0x00007ff980610000 - 0x00007ff9807a8000 	C:\WINDOWS\System32\gdi32full.dll
0x00007ff9804e0000 - 0x00007ff98057e000 	C:\WINDOWS\System32\msvcp_win.dll
0x00007ff961530000 - 0x00007ff961545000 	C:\Users\Nataliaado\.p2\pool\plugins\org.eclipse.justj.openjdk.hotspot.jre.full.win32.x86_64_14.0.2.v20200815-0932\jre\bin\VCRUNTIME140.dll
0x00007ff96e390000 - 0x00007ff96e614000 	C:\WINDOWS\WinSxS\amd64_microsoft.windows.common-controls_6595b64144ccf1df_6.0.18362.1316_none_9e7a364fe461dbd7\COMCTL32.dll
0x00007ff983300000 - 0x00007ff98339e000 	C:\WINDOWS\System32\msvcrt.dll
0x00007ff982ee0000 - 0x00007ff983217000 	C:\WINDOWS\System32\combase.dll
0x00007ff982c70000 - 0x00007ff982d8f000 	C:\WINDOWS\System32\RPCRT4.dll
0x00007ff980580000 - 0x00007ff980601000 	C:\WINDOWS\System32\bcryptPrimitives.dll
0x00007ff982960000 - 0x00007ff98298e000 	C:\WINDOWS\System32\IMM32.DLL
0x00007ff9590c0000 - 0x00007ff95915b000 	C:\Users\Nataliaado\.p2\pool\plugins\org.eclipse.justj.openjdk.hotspot.jre.full.win32.x86_64_14.0.2.v20200815-0932\jre\bin\msvcp140.dll
0x00007ff9271d0000 - 0x00007ff927cee000 	C:\Users\Nataliaado\.p2\pool\plugins\org.eclipse.justj.openjdk.hotspot.jre.full.win32.x86_64_14.0.2.v20200815-0932\jre\bin\server\jvm.dll
0x00007ff982e30000 - 0x00007ff982ed3000 	C:\WINDOWS\System32\ADVAPI32.dll
0x00007ff982d90000 - 0x00007ff982e27000 	C:\WINDOWS\System32\sechost.dll
0x00007ff9834e0000 - 0x00007ff9834e8000 	C:\WINDOWS\System32\PSAPI.DLL
0x00007ff97a580000 - 0x00007ff97a589000 	C:\WINDOWS\SYSTEM32\WSOCK32.dll
0x00007ff983470000 - 0x00007ff9834df000 	C:\WINDOWS\System32\WS2_32.dll
0x00007ff97cb20000 - 0x00007ff97cb44000 	C:\WINDOWS\SYSTEM32\WINMM.dll
0x00007ff978fc0000 - 0x00007ff978fca000 	C:\WINDOWS\SYSTEM32\VERSION.dll
0x00007ff97caf0000 - 0x00007ff97cb1d000 	C:\WINDOWS\SYSTEM32\WINMMBASE.dll
0x00007ff981240000 - 0x00007ff98128a000 	C:\WINDOWS\System32\cfgmgr32.dll
0x00007ff980420000 - 0x00007ff980431000 	C:\WINDOWS\System32\kernel.appcore.dll
0x00007ff97b6b0000 - 0x00007ff97b6ba000 	C:\Users\Nataliaado\.p2\pool\plugins\org.eclipse.justj.openjdk.hotspot.jre.full.win32.x86_64_14.0.2.v20200815-0932\jre\bin\jimage.dll
0x00007ff97ecf0000 - 0x00007ff97eee4000 	C:\WINDOWS\SYSTEM32\DBGHELP.DLL
0x00007ff967e40000 - 0x00007ff967e6a000 	C:\WINDOWS\SYSTEM32\dbgcore.DLL
0x00007ff9784e0000 - 0x00007ff978505000 	C:\Users\Nataliaado\.p2\pool\plugins\org.eclipse.justj.openjdk.hotspot.jre.full.win32.x86_64_14.0.2.v20200815-0932\jre\bin\java.dll
0x00007ff978430000 - 0x00007ff978446000 	C:\Users\Nataliaado\.p2\pool\plugins\org.eclipse.justj.openjdk.hotspot.jre.full.win32.x86_64_14.0.2.v20200815-0932\jre\bin\zip.dll
0x00007ff981670000 - 0x00007ff981d58000 	C:\WINDOWS\System32\SHELL32.dll
0x00007ff981d60000 - 0x00007ff981e07000 	C:\WINDOWS\System32\shcore.dll
0x00007ff9807b0000 - 0x00007ff980f2b000 	C:\WINDOWS\System32\windows.storage.dll
0x00007ff980490000 - 0x00007ff9804b3000 	C:\WINDOWS\System32\profapi.dll
0x00007ff980440000 - 0x00007ff98048a000 	C:\WINDOWS\System32\powrprof.dll
0x00007ff980410000 - 0x00007ff980420000 	C:\WINDOWS\System32\UMPDC.dll
0x00007ff981610000 - 0x00007ff981662000 	C:\WINDOWS\System32\shlwapi.dll
0x00007ff981340000 - 0x00007ff981357000 	C:\WINDOWS\System32\cryptsp.dll
0x00007ff978410000 - 0x00007ff978429000 	C:\Users\Nataliaado\.p2\pool\plugins\org.eclipse.justj.openjdk.hotspot.jre.full.win32.x86_64_14.0.2.v20200815-0932\jre\bin\net.dll
0x00007ff977f40000 - 0x00007ff978030000 	C:\WINDOWS\SYSTEM32\WINHTTP.dll
0x00007ff97fc50000 - 0x00007ff97fcb7000 	C:\WINDOWS\system32\mswsock.dll
0x00007ff9783f0000 - 0x00007ff978402000 	C:\Users\Nataliaado\.p2\pool\plugins\org.eclipse.justj.openjdk.hotspot.jre.full.win32.x86_64_14.0.2.v20200815-0932\jre\bin\nio.dll
0x00007ff975e80000 - 0x00007ff975e90000 	C:\Users\Nataliaado\.p2\pool\plugins\org.eclipse.justj.openjdk.hotspot.jre.full.win32.x86_64_14.0.2.v20200815-0932\jre\bin\verify.dll
0x00007ff97f900000 - 0x00007ff97f93a000 	C:\WINDOWS\SYSTEM32\IPHLPAPI.DLL
0x00007ff983280000 - 0x00007ff983288000 	C:\WINDOWS\System32\NSI.dll
0x00007ff9773e0000 - 0x00007ff9773f6000 	C:\WINDOWS\SYSTEM32\dhcpcsvc6.DLL
0x00007ff977400000 - 0x00007ff97741c000 	C:\WINDOWS\SYSTEM32\dhcpcsvc.DLL
0x00007ff97f940000 - 0x00007ff97fa0b000 	C:\WINDOWS\SYSTEM32\DNSAPI.dll

dbghelp: loaded successfully - version: 4.0.5 - missing functions: none
symbol engine: initialized successfully - sym options: 0x614 - pdb path: .;C:\Users\Nataliaado\.p2\pool\plugins\org.eclipse.justj.openjdk.hotspot.jre.full.win32.x86_64_14.0.2.v20200815-0932\jre\bin;C:\WINDOWS\SYSTEM32;C:\WINDOWS\WinSxS\amd64_microsoft.windows.common-controls_6595b64144ccf1df_6.0.18362.1316_none_9e7a364fe461dbd7;C:\Users\Nataliaado\.p2\pool\plugins\org.eclipse.justj.openjdk.hotspot.jre.full.win32.x86_64_14.0.2.v20200815-0932\jre\bin\server

VM Arguments:
jvm_args: -ea -Dfile.encoding=UTF-8 -XX:+ShowCodeDetailsInExceptionMessages 
java_command: org.eclipse.jdt.internal.junit.runner.RemoteTestRunner -version 3 -port 59006 -testLoaderClass org.eclipse.jdt.internal.junit5.runner.JUnit5TestLoader -loaderpluginname org.eclipse.jdt.junit5.runtime -classNames projeto.junit5.tests.TestFacebook
java_class_path (initial): C:\Users\Nataliaado\Downloads\junit5\target\test-classes;C:\Users\Nataliaado\Downloads\junit5\target\classes;C:\Users\Nataliaado\.p2\pool\plugins\org.junit.jupiter.api_5.6.0.v20200203-2009.jar;C:\Users\Nataliaado\.p2\pool\plugins\org.junit.jupiter.engine_5.6.0.v20200203-2009.jar;C:\Users\Nataliaado\.p2\pool\plugins\org.junit.jupiter.migrationsupport_5.6.0.v20200203-2009.jar;C:\Users\Nataliaado\.p2\pool\plugins\org.junit.jupiter.params_5.6.0.v20200203-2009.jar;C:\Users\Nataliaado\.p2\pool\plugins\org.junit.platform.commons_1.6.0.v20200203-2009.jar;C:\Users\Nataliaado\.p2\pool\plugins\org.junit.platform.engine_1.6.0.v20200203-2009.jar;C:\Users\Nataliaado\.p2\pool\plugins\org.junit.platform.launcher_1.6.0.v20200203-2009.jar;C:\Users\Nataliaado\.p2\pool\plugins\org.junit.platform.runner_1.6.0.v20200203-2009.jar;C:\Users\Nataliaado\.p2\pool\plugins\org.junit.platform.suite.api_1.6.0.v20200203-2009.jar;C:\Users\Nataliaado\.p2\pool\plugins\org.junit.vintage.engine_5.6.0.v20200203-2009.jar;C:\Users\Nataliaado\.p2\pool\plugins\org.opentest4j_1.2.0.v20190826-0900.jar;C:\Users\Nataliaado\.p2\pool\plugins\org.apiguardian_1.1.0.v20190826-0900.jar;C:\Users\Nataliaado\.p2\pool\plugins\org.junit_4.13.0.v20200204-1500.jar;C:\Users\Nataliaado\.p2\pool\plugins\org.hamcrest.core_1.3.0.v20180420-1519.jar;C:\Users\Nataliaado\.m2\repository\junit\junit\4.11\junit-4.11.jar;C:\Users\Nataliaado\.m2\repository\org\hamcrest\hamcrest-core\1.3\hamcrest-core-1.3.jar;C:\Users\Nataliaado\.m2\repository\org\seleniumhq\selenium\selenium-java\3.141.59\selenium-java-3.141.59.jar;C:\Users\Nataliaado\.m2\repository\org\seleniumhq\selenium\selenium-api\3.141.59\selenium-api-3.141.59.jar;C:\Users\Nataliaado\.m2\repository\org\seleniumhq\selenium\selenium-chrome-driver\3.141.59\selenium-chrome-driver-3.141.59.jar;C:\Users\Nataliaado\.m2\repository\org\seleniumhq\selenium\selenium-edge-driver\3.141.59\selenium-edge-driver-3.141.59.jar;C:\Users\Nataliaado\.m2\repository\org\seleni
Launcher Type: SUN_STANDARD

[Global flags]
     intx CICompilerCount                          = 3                                         {product} {ergonomic}
     uint ConcGCThreads                            = 1                                         {product} {ergonomic}
     uint G1ConcRefinementThreads                  = 4                                         {product} {ergonomic}
   size_t G1HeapRegionSize                         = 1048576                                   {product} {ergonomic}
    uintx GCDrainStackTargetSize                   = 64                                        {product} {ergonomic}
   size_t InitialHeapSize                          = 134217728                                 {product} {ergonomic}
   size_t MarkStackSize                            = 4194304                                   {product} {ergonomic}
   size_t MaxHeapSize                              = 2122317824                                {product} {ergonomic}
   size_t MaxNewSize                               = 1272971264                                {product} {ergonomic}
   size_t MinHeapDeltaBytes                        = 1048576                                   {product} {ergonomic}
   size_t MinHeapSize                              = 8388608                                   {product} {ergonomic}
    uintx NonNMethodCodeHeapSize                   = 5832780                                {pd product} {ergonomic}
    uintx NonProfiledCodeHeapSize                  = 122912730                              {pd product} {ergonomic}
    uintx ProfiledCodeHeapSize                     = 122912730                              {pd product} {ergonomic}
    uintx ReservedCodeCacheSize                    = 251658240                              {pd product} {ergonomic}
     bool SegmentedCodeCache                       = true                                      {product} {ergonomic}
     bool ShowCodeDetailsInExceptionMessages       = true                                   {manageable} {command line}
   size_t SoftMaxHeapSize                          = 2122317824                             {manageable} {ergonomic}
     bool UseCompressedClassPointers               = true                                 {lp64_product} {ergonomic}
     bool UseCompressedOops                        = true                                 {lp64_product} {ergonomic}
     bool UseG1GC                                  = true                                      {product} {ergonomic}
     bool UseLargePagesIndividualAllocation        = false                                  {pd product} {ergonomic}

Logging:
Log output configuration:
 #0: stdout all=warning uptime,level,tags
 #1: stderr all=off uptime,level,tags

Environment Variables:
PATH=C:/Users/Nataliaado/.p2/pool/plugins/org.eclipse.justj.openjdk.hotspot.jre.full.win32.x86_64_14.0.2.v20200815-0932/jre/bin/server;C:/Users/Nataliaado/.p2/pool/plugins/org.eclipse.justj.openjdk.hotspot.jre.full.win32.x86_64_14.0.2.v20200815-0932/jre/bin;C:\Program Files (x86)\Common Files\Oracle\Java\javapath;C:\Windows\system32;C:\Windows;C:\Windows\System32\Wbem;C:\Windows\System32\WindowsPowerShell\v1.0\;C:\Program Files (x86)\NVIDIA Corporation\PhysX\Common;C:\WINDOWS\system32;C:\WINDOWS;C:\WINDOWS\System32\Wbem;C:\WINDOWS\System32\WindowsPowerShell\v1.0\;C:\WINDOWS\System32\OpenSSH\;C:\Program Files (x86)\Intel\Intel(R) Management Engine Components\DAL;C:\Program Files\Intel\Intel(R) Management Engine Components\DAL;C:\Program Files\Git\cmd;"C:\Users\Nataliaado\AppData\Local\Microsoft\WindowsApps;C:\Program Files\bin";C:\Users\Nataliaado\eclipse\jee-2020-09\eclipse;
USERNAME=Nataliaado
OS=Windows_NT
PROCESSOR_IDENTIFIER=Intel64 Family 6 Model 142 Stepping 9, GenuineIntel



---------------  S Y S T E M  ---------------

OS: Windows 10 , 64 bit Build 18362 (10.0.18362.1316)
OS uptime: 18 days 23:57 hours

CPU:total 4 (initial active 4) (2 cores per cpu, 2 threads per core) family 6 model 142 stepping 9, cmov, cx8, fxsr, mmx, sse, sse2, sse3, ssse3, sse4.1, sse4.2, popcnt, avx, avx2, aes, clmul, erms, 3dnowpref, lzcnt, ht, tsc, tscinvbit, bmi1, bmi2, adx, fma

Memory: 4k page, system-wide physical 8090M (1053M free)
TotalPageFile size 8090M (AvailPageFile size 5M)
current process WorkingSet (physical memory assigned to process): 69M, peak: 69M
current process commit charge ("private bytes"): 213M, peak: 214M

vm_info: OpenJDK 64-Bit Server VM (14.0.2+12-46) for windows-amd64 JRE (14.0.2+12-46), built on Jul  9 2020 00:31:16 by "mach5one" with MS VC++ 15.9 (VS2017)

END.
