#
# There is insufficient memory for the Java Runtime Environment to continue.
# Native memory allocation (malloc) failed to allocate 338416 bytes for Chunk::new
# Possible reasons:
#   The system is out of physical RAM or swap space
#   The process is running with CompressedOops enabled, and the Java Heap may be blocking the growth of the native heap
# Possible solutions:
#   Reduce memory load on the system
#   Increase physical memory or swap space
#   Check if swap backing store is full
#   Decrease Java heap size (-Xmx/-Xms)
#   Decrease number of Java threads
#   Decrease Java thread stack sizes (-Xss)
#   Set larger code cache with -XX:ReservedCodeCacheSize=
#   JVM is running with Unscaled Compressed Oops mode in which the Java heap is
#     placed in the first 4GB address space. The Java Heap base address is the
#     maximum limit for the native heap growth. Please use -XX:HeapBaseMinAddress
#     to set the Java Heap base and to place the Java Heap above 4GB virtual address.
# This output file may be truncated or incomplete.
#
#  Out of Memory Error (./open/src/hotspot/share/memory/arena.cpp:195), pid=10152, tid=14604
#
# JRE version: OpenJDK Runtime Environment (14.0.2+12) (build 14.0.2+12-46)
# Java VM: OpenJDK 64-Bit Server VM (14.0.2+12-46, mixed mode, tiered, compressed oops, g1 gc, windows-amd64)
# No core dump will be written. Minidumps are not enabled by default on client versions of Windows
#

---------------  S U M M A R Y ------------

Command Line: -ea -Dfile.encoding=UTF-8 -XX:+ShowCodeDetailsInExceptionMessages org.eclipse.jdt.internal.junit.runner.RemoteTestRunner -version 3 -port 59002 -testLoaderClass org.eclipse.jdt.internal.junit5.runner.JUnit5TestLoader -loaderpluginname org.eclipse.jdt.junit5.runtime -classNames projeto.junit5.tests.TestFacebook

Host: Intel(R) Core(TM) i5-7200U CPU @ 2.50GHz, 4 cores, 7G,  Windows 10 , 64 bit Build 18362 (10.0.18362.1316)
Time: Sat May 15 19:06:02 2021 Hora oficial do Brasil elapsed time: 0 seconds (0d 0h 0m 0s)

---------------  T H R E A D  ---------------

Current thread (0x0000026b7ef2e000):  JavaThread "C2 CompilerThread0" daemon [_thread_in_native, id=14604, stack(0x000000cb33900000,0x000000cb33a00000)]


Current CompileTask:
C2:    759  597       4       java.util.HashMap::putVal (300 bytes)

Stack: [0x000000cb33900000,0x000000cb33a00000]
Native frames: (J=compiled Java code, j=interpreted, Vv=VM code, C=native code)
V  [jvm.dll+0x5f8a9a]
V  [jvm.dll+0x74247a]
V  [jvm.dll+0x743c2f]
V  [jvm.dll+0x744273]
V  [jvm.dll+0x20d288]
V  [jvm.dll+0xabb07]
V  [jvm.dll+0xac1fc]
V  [jvm.dll+0x31c438]
V  [jvm.dll+0x2e6b38]
V  [jvm.dll+0x2e5f3a]
V  [jvm.dll+0x1e5e16]
V  [jvm.dll+0x1e50b8]
V  [jvm.dll+0x1779cc]
V  [jvm.dll+0x1f4105]
V  [jvm.dll+0x1f22eb]
V  [jvm.dll+0x7070cd]
V  [jvm.dll+0x6ffeda]
V  [jvm.dll+0x5f78f6]
C  [ucrtbase.dll+0x210b2]
C  [KERNEL32.DLL+0x17c24]
C  [ntdll.dll+0x6d4d1]


---------------  P R O C E S S  ---------------

Threads class SMR info:
_java_thread_list=0x0000026b7f569000, length=12, elements={
0x0000026b7d4f3000, 0x0000026b7e6e9800, 0x0000026b7e6ea800, 0x0000026b7ef20800,
0x0000026b7ef23800, 0x0000026b7ef26800, 0x0000026b7ef2e000, 0x0000026b7ef2f000,
0x0000026b7ef44800, 0x0000026b7f0ae800, 0x0000026b7f0b0000, 0x0000026b7f2cf000
}

Java Threads: ( => current thread )
  0x0000026b7d4f3000 JavaThread "main" [_thread_blocked, id=1680, stack(0x000000cb32d00000,0x000000cb32e00000)]
  0x0000026b7e6e9800 JavaThread "Reference Handler" daemon [_thread_blocked, id=19140, stack(0x000000cb33400000,0x000000cb33500000)]
  0x0000026b7e6ea800 JavaThread "Finalizer" daemon [_thread_blocked, id=5464, stack(0x000000cb33500000,0x000000cb33600000)]
  0x0000026b7ef20800 JavaThread "Signal Dispatcher" daemon [_thread_blocked, id=18976, stack(0x000000cb33600000,0x000000cb33700000)]
  0x0000026b7ef23800 JavaThread "Attach Listener" daemon [_thread_blocked, id=6464, stack(0x000000cb33700000,0x000000cb33800000)]
  0x0000026b7ef26800 JavaThread "Service Thread" daemon [_thread_blocked, id=19564, stack(0x000000cb33800000,0x000000cb33900000)]
=>0x0000026b7ef2e000 JavaThread "C2 CompilerThread0" daemon [_thread_in_native, id=14604, stack(0x000000cb33900000,0x000000cb33a00000)]
  0x0000026b7ef2f000 JavaThread "C1 CompilerThread0" daemon [_thread_in_native, id=2452, stack(0x000000cb33a00000,0x000000cb33b00000)]
  0x0000026b7ef44800 JavaThread "Sweeper thread" daemon [_thread_blocked, id=13280, stack(0x000000cb33b00000,0x000000cb33c00000)]
  0x0000026b7f0ae800 JavaThread "Notification Thread" daemon [_thread_blocked, id=16196, stack(0x000000cb33c00000,0x000000cb33d00000)]
  0x0000026b7f0b0000 JavaThread "Common-Cleaner" daemon [_thread_blocked, id=16560, stack(0x000000cb33e00000,0x000000cb33f00000)]
  0x0000026b7f2cf000 JavaThread "C2 CompilerThread1" daemon [_thread_in_native, id=11832, stack(0x000000cb33f00000,0x000000cb34000000)]

Other Threads:
  0x0000026b7ef00000 VMThread "VM Thread" [stack: 0x000000cb33300000,0x000000cb33400000] [id=17348]
  0x0000026b7f0af000 WatcherThread [stack: 0x000000cb33d00000,0x000000cb33e00000] [id=8104]
  0x0000026b7d533800 GCTaskThread "GC Thread#0" [stack: 0x000000cb32e00000,0x000000cb32f00000] [id=12688]
  0x0000026b7f402800 GCTaskThread "GC Thread#1" [stack: 0x000000cb34000000,0x000000cb34100000] [id=17728]
  0x0000026b7fab4000 GCTaskThread "GC Thread#2" [stack: 0x000000cb34100000,0x000000cb34200000] [id=16804]
  0x0000026b7d546800 ConcurrentGCThread "G1 Main Marker" [stack: 0x000000cb32f00000,0x000000cb33000000] [id=20240]
  0x0000026b7d548800 ConcurrentGCThread "G1 Conc#0" [stack: 0x000000cb33000000,0x000000cb33100000] [id=9916]
  0x0000026b7e505800 ConcurrentGCThread "G1 Refine#0" [stack: 0x000000cb33100000,0x000000cb33200000] [id=16000]
  0x0000026b7e506000 ConcurrentGCThread "G1 Young RemSet Sampling" [stack: 0x000000cb33200000,0x000000cb33300000] [id=10544]

Threads with active compile tasks:
C2 CompilerThread0     1037  597       4       java.util.HashMap::putVal (300 bytes)
C1 CompilerThread0     1037  628       3       java.net.URLStreamHandler::parseURL (1201 bytes)
C2 CompilerThread1     1037  565   !   4       java.util.jar.Attributes::read (530 bytes)

VM state:at safepoint (normal execution)

VM Mutex/Monitor currently owned by a thread:  ([mutex/lock_event])
[0x0000026b7d4eef90] Threads_lock - owner thread: 0x0000026b7ef00000
[0x0000026b7d4ee840] Heap_lock - owner thread: 0x0000026b7d4f3000

Heap address: 0x0000000081800000, size: 2024 MB, Compressed Oops mode: 32-bit
Narrow klass base: 0x0000000000000000, Narrow klass shift: 3
Compressed class space size: 1073741824 Address: 0x0000000100000000

Heap:
 garbage-first heap   total 131072K, used 10051K [0x0000000081800000, 0x0000000100000000)
  region size 1024K, 12 young (12288K), 2 survivors (2048K)
 Metaspace       used 9481K, capacity 9607K, committed 9728K, reserved 1067008K
  class space    used 861K, capacity 903K, committed 1024K, reserved 1048576K
Heap Regions: E=young(eden), S=young(survivor), O=old, HS=humongous(starts), HC=humongous(continues), CS=collection set, F=free, OA=open archive, CA=closed archive, TAMS=top-at-mark-start (previous, next)
|   0|0x0000000081800000, 0x000000008186d3f8, 0x0000000081900000| 42%| O|  |TAMS 0x0000000081800000, 0x0000000081800000| Untracked 
|   1|0x0000000081900000, 0x0000000081900000, 0x0000000081a00000|  0%| F|  |TAMS 0x0000000081900000, 0x0000000081900000| Untracked 
|   2|0x0000000081a00000, 0x0000000081a00000, 0x0000000081b00000|  0%| F|  |TAMS 0x0000000081a00000, 0x0000000081a00000| Untracked 
|   3|0x0000000081b00000, 0x0000000081b00000, 0x0000000081c00000|  0%| F|  |TAMS 0x0000000081b00000, 0x0000000081b00000| Untracked 
|   4|0x0000000081c00000, 0x0000000081c00000, 0x0000000081d00000|  0%| F|  |TAMS 0x0000000081c00000, 0x0000000081c00000| Untracked 
|   5|0x0000000081d00000, 0x0000000081d00000, 0x0000000081e00000|  0%| F|  |TAMS 0x0000000081d00000, 0x0000000081d00000| Untracked 
|   6|0x0000000081e00000, 0x0000000081e00000, 0x0000000081f00000|  0%| F|  |TAMS 0x0000000081e00000, 0x0000000081e00000| Untracked 
|   7|0x0000000081f00000, 0x0000000081f00000, 0x0000000082000000|  0%| F|  |TAMS 0x0000000081f00000, 0x0000000081f00000| Untracked 
|   8|0x0000000082000000, 0x0000000082000000, 0x0000000082100000|  0%| F|  |TAMS 0x0000000082000000, 0x0000000082000000| Untracked 
|   9|0x0000000082100000, 0x0000000082100000, 0x0000000082200000|  0%| F|  |TAMS 0x0000000082100000, 0x0000000082100000| Untracked 
|  10|0x0000000082200000, 0x0000000082200000, 0x0000000082300000|  0%| F|  |TAMS 0x0000000082200000, 0x0000000082200000| Untracked 
|  11|0x0000000082300000, 0x0000000082300000, 0x0000000082400000|  0%| F|  |TAMS 0x0000000082300000, 0x0000000082300000| Untracked 
|  12|0x0000000082400000, 0x0000000082400000, 0x0000000082500000|  0%| F|  |TAMS 0x0000000082400000, 0x0000000082400000| Untracked 
|  13|0x0000000082500000, 0x0000000082500000, 0x0000000082600000|  0%| F|  |TAMS 0x0000000082500000, 0x0000000082500000| Untracked 
|  14|0x0000000082600000, 0x0000000082600000, 0x0000000082700000|  0%| F|  |TAMS 0x0000000082600000, 0x0000000082600000| Untracked 
|  15|0x0000000082700000, 0x0000000082700000, 0x0000000082800000|  0%| F|  |TAMS 0x0000000082700000, 0x0000000082700000| Untracked 
|  16|0x0000000082800000, 0x0000000082800000, 0x0000000082900000|  0%| F|  |TAMS 0x0000000082800000, 0x0000000082800000| Untracked 
|  17|0x0000000082900000, 0x0000000082900000, 0x0000000082a00000|  0%| F|  |TAMS 0x0000000082900000, 0x0000000082900000| Untracked 
|  18|0x0000000082a00000, 0x0000000082a00000, 0x0000000082b00000|  0%| F|  |TAMS 0x0000000082a00000, 0x0000000082a00000| Untracked 
|  19|0x0000000082b00000, 0x0000000082b00000, 0x0000000082c00000|  0%| F|  |TAMS 0x0000000082b00000, 0x0000000082b00000| Untracked 
|  20|0x0000000082c00000, 0x0000000082c00000, 0x0000000082d00000|  0%| F|  |TAMS 0x0000000082c00000, 0x0000000082c00000| Untracked 
|  21|0x0000000082d00000, 0x0000000082d00000, 0x0000000082e00000|  0%| F|  |TAMS 0x0000000082d00000, 0x0000000082d00000| Untracked 
|  22|0x0000000082e00000, 0x0000000082e00000, 0x0000000082f00000|  0%| F|  |TAMS 0x0000000082e00000, 0x0000000082e00000| Untracked 
|  23|0x0000000082f00000, 0x0000000082f00000, 0x0000000083000000|  0%| F|  |TAMS 0x0000000082f00000, 0x0000000082f00000| Untracked 
|  24|0x0000000083000000, 0x0000000083000000, 0x0000000083100000|  0%| F|  |TAMS 0x0000000083000000, 0x0000000083000000| Untracked 
|  25|0x0000000083100000, 0x0000000083100000, 0x0000000083200000|  0%| F|  |TAMS 0x0000000083100000, 0x0000000083100000| Untracked 
|  26|0x0000000083200000, 0x0000000083200000, 0x0000000083300000|  0%| F|  |TAMS 0x0000000083200000, 0x0000000083200000| Untracked 
|  27|0x0000000083300000, 0x0000000083300000, 0x0000000083400000|  0%| F|  |TAMS 0x0000000083300000, 0x0000000083300000| Untracked 
|  28|0x0000000083400000, 0x0000000083400000, 0x0000000083500000|  0%| F|  |TAMS 0x0000000083400000, 0x0000000083400000| Untracked 
|  29|0x0000000083500000, 0x0000000083500000, 0x0000000083600000|  0%| F|  |TAMS 0x0000000083500000, 0x0000000083500000| Untracked 
|  30|0x0000000083600000, 0x0000000083600000, 0x0000000083700000|  0%| F|  |TAMS 0x0000000083600000, 0x0000000083600000| Untracked 
|  31|0x0000000083700000, 0x0000000083700000, 0x0000000083800000|  0%| F|  |TAMS 0x0000000083700000, 0x0000000083700000| Untracked 
|  32|0x0000000083800000, 0x0000000083800000, 0x0000000083900000|  0%| F|  |TAMS 0x0000000083800000, 0x0000000083800000| Untracked 
|  33|0x0000000083900000, 0x0000000083900000, 0x0000000083a00000|  0%| F|  |TAMS 0x0000000083900000, 0x0000000083900000| Untracked 
|  34|0x0000000083a00000, 0x0000000083a00000, 0x0000000083b00000|  0%| F|  |TAMS 0x0000000083a00000, 0x0000000083a00000| Untracked 
|  35|0x0000000083b00000, 0x0000000083b00000, 0x0000000083c00000|  0%| F|  |TAMS 0x0000000083b00000, 0x0000000083b00000| Untracked 
|  36|0x0000000083c00000, 0x0000000083c00000, 0x0000000083d00000|  0%| F|  |TAMS 0x0000000083c00000, 0x0000000083c00000| Untracked 
|  37|0x0000000083d00000, 0x0000000083d00000, 0x0000000083e00000|  0%| F|  |TAMS 0x0000000083d00000, 0x0000000083d00000| Untracked 
|  38|0x0000000083e00000, 0x0000000083e00000, 0x0000000083f00000|  0%| F|  |TAMS 0x0000000083e00000, 0x0000000083e00000| Untracked 
|  39|0x0000000083f00000, 0x0000000083f00000, 0x0000000084000000|  0%| F|  |TAMS 0x0000000083f00000, 0x0000000083f00000| Untracked 
|  40|0x0000000084000000, 0x0000000084000000, 0x0000000084100000|  0%| F|  |TAMS 0x0000000084000000, 0x0000000084000000| Untracked 
|  41|0x0000000084100000, 0x0000000084100000, 0x0000000084200000|  0%| F|  |TAMS 0x0000000084100000, 0x0000000084100000| Untracked 
|  42|0x0000000084200000, 0x0000000084200000, 0x0000000084300000|  0%| F|  |TAMS 0x0000000084200000, 0x0000000084200000| Untracked 
|  43|0x0000000084300000, 0x0000000084300000, 0x0000000084400000|  0%| F|  |TAMS 0x0000000084300000, 0x0000000084300000| Untracked 
|  44|0x0000000084400000, 0x0000000084400000, 0x0000000084500000|  0%| F|  |TAMS 0x0000000084400000, 0x0000000084400000| Untracked 
|  45|0x0000000084500000, 0x0000000084500000, 0x0000000084600000|  0%| F|  |TAMS 0x0000000084500000, 0x0000000084500000| Untracked 
|  46|0x0000000084600000, 0x0000000084600000, 0x0000000084700000|  0%| F|  |TAMS 0x0000000084600000, 0x0000000084600000| Untracked 
|  47|0x0000000084700000, 0x0000000084700000, 0x0000000084800000|  0%| F|  |TAMS 0x0000000084700000, 0x0000000084700000| Untracked 
|  48|0x0000000084800000, 0x0000000084800000, 0x0000000084900000|  0%| F|  |TAMS 0x0000000084800000, 0x0000000084800000| Untracked 
|  49|0x0000000084900000, 0x0000000084900000, 0x0000000084a00000|  0%| F|  |TAMS 0x0000000084900000, 0x0000000084900000| Untracked 
|  50|0x0000000084a00000, 0x0000000084a00000, 0x0000000084b00000|  0%| F|  |TAMS 0x0000000084a00000, 0x0000000084a00000| Untracked 
|  51|0x0000000084b00000, 0x0000000084b00000, 0x0000000084c00000|  0%| F|  |TAMS 0x0000000084b00000, 0x0000000084b00000| Untracked 
|  52|0x0000000084c00000, 0x0000000084c00000, 0x0000000084d00000|  0%| F|  |TAMS 0x0000000084c00000, 0x0000000084c00000| Untracked 
|  53|0x0000000084d00000, 0x0000000084d00000, 0x0000000084e00000|  0%| F|  |TAMS 0x0000000084d00000, 0x0000000084d00000| Untracked 
|  54|0x0000000084e00000, 0x0000000084e00000, 0x0000000084f00000|  0%| F|  |TAMS 0x0000000084e00000, 0x0000000084e00000| Untracked 
|  55|0x0000000084f00000, 0x0000000084f00000, 0x0000000085000000|  0%| F|  |TAMS 0x0000000084f00000, 0x0000000084f00000| Untracked 
|  56|0x0000000085000000, 0x0000000085000000, 0x0000000085100000|  0%| F|  |TAMS 0x0000000085000000, 0x0000000085000000| Untracked 
|  57|0x0000000085100000, 0x0000000085100000, 0x0000000085200000|  0%| F|  |TAMS 0x0000000085100000, 0x0000000085100000| Untracked 
|  58|0x0000000085200000, 0x0000000085200000, 0x0000000085300000|  0%| F|  |TAMS 0x0000000085200000, 0x0000000085200000| Untracked 
|  59|0x0000000085300000, 0x0000000085300000, 0x0000000085400000|  0%| F|  |TAMS 0x0000000085300000, 0x0000000085300000| Untracked 
|  60|0x0000000085400000, 0x0000000085400000, 0x0000000085500000|  0%| F|  |TAMS 0x0000000085400000, 0x0000000085400000| Untracked 
|  61|0x0000000085500000, 0x0000000085500000, 0x0000000085600000|  0%| F|  |TAMS 0x0000000085500000, 0x0000000085500000| Untracked 
|  62|0x0000000085600000, 0x0000000085600000, 0x0000000085700000|  0%| F|  |TAMS 0x0000000085600000, 0x0000000085600000| Untracked 
|  63|0x0000000085700000, 0x0000000085700000, 0x0000000085800000|  0%| F|  |TAMS 0x0000000085700000, 0x0000000085700000| Untracked 
|  64|0x0000000085800000, 0x0000000085800000, 0x0000000085900000|  0%| F|  |TAMS 0x0000000085800000, 0x0000000085800000| Untracked 
|  65|0x0000000085900000, 0x0000000085900000, 0x0000000085a00000|  0%| F|  |TAMS 0x0000000085900000, 0x0000000085900000| Untracked 
|  66|0x0000000085a00000, 0x0000000085a00000, 0x0000000085b00000|  0%| F|  |TAMS 0x0000000085a00000, 0x0000000085a00000| Untracked 
|  67|0x0000000085b00000, 0x0000000085b00000, 0x0000000085c00000|  0%| F|  |TAMS 0x0000000085b00000, 0x0000000085b00000| Untracked 
|  68|0x0000000085c00000, 0x0000000085c00000, 0x0000000085d00000|  0%| F|  |TAMS 0x0000000085c00000, 0x0000000085c00000| Untracked 
|  69|0x0000000085d00000, 0x0000000085d00000, 0x0000000085e00000|  0%| F|  |TAMS 0x0000000085d00000, 0x0000000085d00000| Untracked 
|  70|0x0000000085e00000, 0x0000000085e00000, 0x0000000085f00000|  0%| F|  |TAMS 0x0000000085e00000, 0x0000000085e00000| Untracked 
|  71|0x0000000085f00000, 0x0000000085f00000, 0x0000000086000000|  0%| F|  |TAMS 0x0000000085f00000, 0x0000000085f00000| Untracked 
|  72|0x0000000086000000, 0x0000000086000000, 0x0000000086100000|  0%| F|  |TAMS 0x0000000086000000, 0x0000000086000000| Untracked 
|  73|0x0000000086100000, 0x0000000086100000, 0x0000000086200000|  0%| F|  |TAMS 0x0000000086100000, 0x0000000086100000| Untracked 
|  74|0x0000000086200000, 0x0000000086200000, 0x0000000086300000|  0%| F|  |TAMS 0x0000000086200000, 0x0000000086200000| Untracked 
|  75|0x0000000086300000, 0x0000000086300000, 0x0000000086400000|  0%| F|  |TAMS 0x0000000086300000, 0x0000000086300000| Untracked 
|  76|0x0000000086400000, 0x0000000086400000, 0x0000000086500000|  0%| F|  |TAMS 0x0000000086400000, 0x0000000086400000| Untracked 
|  77|0x0000000086500000, 0x0000000086500000, 0x0000000086600000|  0%| F|  |TAMS 0x0000000086500000, 0x0000000086500000| Untracked 
|  78|0x0000000086600000, 0x0000000086600000, 0x0000000086700000|  0%| F|  |TAMS 0x0000000086600000, 0x0000000086600000| Untracked 
|  79|0x0000000086700000, 0x0000000086700000, 0x0000000086800000|  0%| F|  |TAMS 0x0000000086700000, 0x0000000086700000| Untracked 
|  80|0x0000000086800000, 0x0000000086800000, 0x0000000086900000|  0%| F|  |TAMS 0x0000000086800000, 0x0000000086800000| Untracked 
|  81|0x0000000086900000, 0x0000000086900000, 0x0000000086a00000|  0%| F|  |TAMS 0x0000000086900000, 0x0000000086900000| Untracked 
|  82|0x0000000086a00000, 0x0000000086a00000, 0x0000000086b00000|  0%| F|  |TAMS 0x0000000086a00000, 0x0000000086a00000| Untracked 
|  83|0x0000000086b00000, 0x0000000086b00000, 0x0000000086c00000|  0%| F|  |TAMS 0x0000000086b00000, 0x0000000086b00000| Untracked 
|  84|0x0000000086c00000, 0x0000000086c00000, 0x0000000086d00000|  0%| F|  |TAMS 0x0000000086c00000, 0x0000000086c00000| Untracked 
|  85|0x0000000086d00000, 0x0000000086d00000, 0x0000000086e00000|  0%| F|  |TAMS 0x0000000086d00000, 0x0000000086d00000| Untracked 
|  86|0x0000000086e00000, 0x0000000086e00000, 0x0000000086f00000|  0%| F|  |TAMS 0x0000000086e00000, 0x0000000086e00000| Untracked 
|  87|0x0000000086f00000, 0x0000000086f00000, 0x0000000087000000|  0%| F|  |TAMS 0x0000000086f00000, 0x0000000086f00000| Untracked 
|  88|0x0000000087000000, 0x0000000087000000, 0x0000000087100000|  0%| F|  |TAMS 0x0000000087000000, 0x0000000087000000| Untracked 
|  89|0x0000000087100000, 0x0000000087100000, 0x0000000087200000|  0%| F|  |TAMS 0x0000000087100000, 0x0000000087100000| Untracked 
|  90|0x0000000087200000, 0x0000000087200000, 0x0000000087300000|  0%| F|  |TAMS 0x0000000087200000, 0x0000000087200000| Untracked 
|  91|0x0000000087300000, 0x0000000087300000, 0x0000000087400000|  0%| F|  |TAMS 0x0000000087300000, 0x0000000087300000| Untracked 
|  92|0x0000000087400000, 0x0000000087400000, 0x0000000087500000|  0%| F|  |TAMS 0x0000000087400000, 0x0000000087400000| Untracked 
|  93|0x0000000087500000, 0x0000000087500000, 0x0000000087600000|  0%| F|  |TAMS 0x0000000087500000, 0x0000000087500000| Untracked 
|  94|0x0000000087600000, 0x0000000087600000, 0x0000000087700000|  0%| F|  |TAMS 0x0000000087600000, 0x0000000087600000| Untracked 
|  95|0x0000000087700000, 0x0000000087700000, 0x0000000087800000|  0%| F|  |TAMS 0x0000000087700000, 0x0000000087700000| Untracked 
|  96|0x0000000087800000, 0x0000000087800000, 0x0000000087900000|  0%| F|  |TAMS 0x0000000087800000, 0x0000000087800000| Untracked 
|  97|0x0000000087900000, 0x0000000087900000, 0x0000000087a00000|  0%| F|  |TAMS 0x0000000087900000, 0x0000000087900000| Untracked 
|  98|0x0000000087a00000, 0x0000000087a00000, 0x0000000087b00000|  0%| F|  |TAMS 0x0000000087a00000, 0x0000000087a00000| Untracked 
|  99|0x0000000087b00000, 0x0000000087b00000, 0x0000000087c00000|  0%| F|  |TAMS 0x0000000087b00000, 0x0000000087b00000| Untracked 
| 100|0x0000000087c00000, 0x0000000087c00000, 0x0000000087d00000|  0%| F|  |TAMS 0x0000000087c00000, 0x0000000087c00000| Untracked 
| 101|0x0000000087d00000, 0x0000000087d00000, 0x0000000087e00000|  0%| F|  |TAMS 0x0000000087d00000, 0x0000000087d00000| Untracked 
| 102|0x0000000087e00000, 0x0000000087e00000, 0x0000000087f00000|  0%| F|  |TAMS 0x0000000087e00000, 0x0000000087e00000| Untracked 
| 103|0x0000000087f00000, 0x0000000087f00000, 0x0000000088000000|  0%| F|  |TAMS 0x0000000087f00000, 0x0000000087f00000| Untracked 
| 104|0x0000000088000000, 0x0000000088000000, 0x0000000088100000|  0%| F|  |TAMS 0x0000000088000000, 0x0000000088000000| Untracked 
| 105|0x0000000088100000, 0x0000000088100000, 0x0000000088200000|  0%| F|  |TAMS 0x0000000088100000, 0x0000000088100000| Untracked 
| 106|0x0000000088200000, 0x0000000088200000, 0x0000000088300000|  0%| F|  |TAMS 0x0000000088200000, 0x0000000088200000| Untracked 
| 107|0x0000000088300000, 0x0000000088300000, 0x0000000088400000|  0%| F|  |TAMS 0x0000000088300000, 0x0000000088300000| Untracked 
| 108|0x0000000088400000, 0x0000000088400000, 0x0000000088500000|  0%| F|  |TAMS 0x0000000088400000, 0x0000000088400000| Untracked 
| 109|0x0000000088500000, 0x0000000088500000, 0x0000000088600000|  0%| F|  |TAMS 0x0000000088500000, 0x0000000088500000| Untracked 
| 110|0x0000000088600000, 0x0000000088600000, 0x0000000088700000|  0%| F|  |TAMS 0x0000000088600000, 0x0000000088600000| Untracked 
| 111|0x0000000088700000, 0x0000000088700000, 0x0000000088800000|  0%| F|  |TAMS 0x0000000088700000, 0x0000000088700000| Untracked 
| 112|0x0000000088800000, 0x0000000088800000, 0x0000000088900000|  0%| F|  |TAMS 0x0000000088800000, 0x0000000088800000| Untracked 
| 113|0x0000000088900000, 0x0000000088900000, 0x0000000088a00000|  0%| F|  |TAMS 0x0000000088900000, 0x0000000088900000| Untracked 
| 114|0x0000000088a00000, 0x0000000088a00000, 0x0000000088b00000|  0%| F|  |TAMS 0x0000000088a00000, 0x0000000088a00000| Untracked 
| 115|0x0000000088b00000, 0x0000000088b00000, 0x0000000088c00000|  0%| F|  |TAMS 0x0000000088b00000, 0x0000000088b00000| Untracked 
| 116|0x0000000088c00000, 0x0000000088d00000, 0x0000000088d00000|100%| S|  |TAMS 0x0000000088c00000, 0x0000000088c00000| Complete 
| 117|0x0000000088d00000, 0x0000000088e00000, 0x0000000088e00000|100%| S|  |TAMS 0x0000000088d00000, 0x0000000088d00000| Complete 
| 118|0x0000000088e00000, 0x0000000088ed0c88, 0x0000000088f00000| 81%| E|CS|TAMS 0x0000000088e00000, 0x0000000088ed0c88| Complete 
| 119|0x0000000088f00000, 0x0000000089000000, 0x0000000089000000|100%| E|CS|TAMS 0x0000000088f00000, 0x0000000089000000| Complete 
| 120|0x0000000089000000, 0x0000000089100000, 0x0000000089100000|100%| E|CS|TAMS 0x0000000089000000, 0x0000000089100000| Complete 
| 121|0x0000000089100000, 0x0000000089200000, 0x0000000089200000|100%| E|CS|TAMS 0x0000000089100000, 0x0000000089200000| Complete 
| 122|0x0000000089200000, 0x0000000089300000, 0x0000000089300000|100%| E|CS|TAMS 0x0000000089200000, 0x0000000089300000| Complete 
| 123|0x0000000089300000, 0x0000000089400000, 0x0000000089400000|100%| E|CS|TAMS 0x0000000089300000, 0x0000000089400000| Complete 
| 124|0x0000000089400000, 0x0000000089500000, 0x0000000089500000|100%| E|CS|TAMS 0x0000000089400000, 0x0000000089500000| Complete 
| 125|0x0000000089500000, 0x0000000089600000, 0x0000000089600000|100%| E|CS|TAMS 0x0000000089500000, 0x0000000089600000| Complete 
| 126|0x0000000089600000, 0x0000000089700000, 0x0000000089700000|100%| E|CS|TAMS 0x0000000089600000, 0x0000000089700000| Complete 
| 127|0x0000000089700000, 0x0000000089800000, 0x0000000089800000|100%| E|CS|TAMS 0x0000000089700000, 0x0000000089800000| Complete 

Card table byte_map: [0x0000026b7d9c0000,0x0000026b7ddc0000] _byte_map_base: 0x0000026b7d5b4000

Marking Bits (Prev, Next): (CMBitMap*) 0x0000026b7d5356c8, (CMBitMap*) 0x0000026b7d535708
 Prev Bits: [0x0000026b12bf0000, 0x0000026b14b90000)
 Next Bits: [0x0000026b14b90000, 0x0000026b16b30000)

Polling page: 0x0000026b7b480000

Metaspace:

Usage:
  Non-class:      8.50 MB capacity,     8.42 MB (>99%) used,    76.23 KB ( <1%) free+waste,     7.19 KB ( <1%) overhead. 
      Class:    903.00 KB capacity,   861.06 KB ( 95%) used,    39.00 KB (  4%) free+waste,     2.94 KB ( <1%) overhead. 
       Both:      9.38 MB capacity,     9.26 MB ( 99%) used,   115.23 KB (  1%) free+waste,    10.13 KB ( <1%) overhead. 

Virtual space:
  Non-class space:       18.00 MB reserved,       8.50 MB ( 47%) committed 
      Class space:        1.00 GB reserved,       1.00 MB ( <1%) committed 
             Both:        1.02 GB reserved,       9.50 MB ( <1%) committed 

Chunk freelists:
   Non-Class:  0 bytes
       Class:  0 bytes
        Both:  0 bytes

MaxMetaspaceSize: 17179869184.00 GB
CompressedClassSpaceSize: 1.00 GB

CodeHeap 'non-profiled nmethods': size=120000Kb used=176Kb max_used=176Kb free=119824Kb
 bounds [0x0000026b0b6c0000, 0x0000026b0b930000, 0x0000026b12bf0000]
CodeHeap 'profiled nmethods': size=120000Kb used=986Kb max_used=986Kb free=119013Kb
 bounds [0x0000026b04190000, 0x0000026b04400000, 0x0000026b0b6c0000]
CodeHeap 'non-nmethods': size=5760Kb used=1135Kb max_used=1151Kb free=4625Kb
 bounds [0x0000026b03bf0000, 0x0000026b03e60000, 0x0000026b04190000]
 total_blobs=1006 nmethods=625 adapters=294
 compilation: enabled
              stopped_count=0, restarted_count=0
 full_count=0

Compilation events (20 events):
Event: 0.706 Thread 0x0000026b7ef2f000 nmethod 617 0x0000026b04281610 code [0x0000026b042818e0, 0x0000026b04282738]
Event: 0.706 Thread 0x0000026b7ef2f000  618   !   3       java.net.URL::set (114 bytes)
Event: 0.707 Thread 0x0000026b7ef2f000 nmethod 618 0x0000026b04282c90 code [0x0000026b04282f00, 0x0000026b04283c78]
Event: 0.707 Thread 0x0000026b7ef2f000  619       3       java.util.Arrays::hashCode (56 bytes)
Event: 0.708 Thread 0x0000026b7ef2f000 nmethod 619 0x0000026b04284090 code [0x0000026b04284240, 0x0000026b04284568]
Event: 0.708 Thread 0x0000026b7ef2f000  620       3       java.lang.ClassLoader::checkName (37 bytes)
Event: 0.709 Thread 0x0000026b7ef2f000 nmethod 620 0x0000026b04284690 code [0x0000026b042848e0, 0x0000026b04285278]
Event: 0.710 Thread 0x0000026b7ef2f000  621       1       java.util.zip.ZipEntry::getSize (5 bytes)
Event: 0.710 Thread 0x0000026b7ef2f000 nmethod 621 0x0000026b0b6eb410 code [0x0000026b0b6eb5a0, 0x0000026b0b6eb658]
Event: 0.711 Thread 0x0000026b7ef2f000  622       3       java.lang.StringConcatHelper::prepend (37 bytes)
Event: 0.711 Thread 0x0000026b7ef2f000 nmethod 622 0x0000026b04285610 code [0x0000026b042857e0, 0x0000026b04285a98]
Event: 0.711 Thread 0x0000026b7ef2f000  623       3       sun.security.x509.X509CertImpl::getEncodedInternal (22 bytes)
Event: 0.712 Thread 0x0000026b7ef2f000 nmethod 623 0x0000026b04285c10 code [0x0000026b04285dc0, 0x0000026b04285f88]
Event: 0.712 Thread 0x0000026b7ef2f000  624       1       java.lang.invoke.MethodTypeForm::parameterSlotCount (5 bytes)
Event: 0.712 Thread 0x0000026b7ef2f000 nmethod 624 0x0000026b0b6eba10 code [0x0000026b0b6ebba0, 0x0000026b0b6ebc58]
Event: 0.712 Thread 0x0000026b7ef2f000  626       3       jdk.internal.org.objectweb.asm.ByteVector::putByte (39 bytes)
Event: 0.712 Thread 0x0000026b7ef2f000 nmethod 626 0x0000026b04286090 code [0x0000026b04286240, 0x0000026b04286428]
Event: 0.713 Thread 0x0000026b7ef2f000  627       3       sun.net.www.protocol.file.Handler::parseURL (18 bytes)
Event: 0.713 Thread 0x0000026b7ef2f000 nmethod 627 0x0000026b04286590 code [0x0000026b04286740, 0x0000026b042868d8]
Event: 0.713 Thread 0x0000026b7ef2f000  628       3       java.net.URLStreamHandler::parseURL (1201 bytes)

GC Heap History (1 events):
Event: 0.718 GC heap before
{Heap before GC invocations=0 (full 0):
 garbage-first heap   total 131072K, used 8192K [0x0000000081800000, 0x0000000100000000)
  region size 1024K, 10 young (10240K), 0 survivors (0K)
 Metaspace       used 9481K, capacity 9607K, committed 9728K, reserved 1067008K
  class space    used 861K, capacity 903K, committed 1024K, reserved 1048576K
}

Deoptimization events (20 events):
Event: 0.213 Thread 0x0000026b7d4f3000 DEOPT PACKING pc=0x0000026b041ad63b sp=0x000000cb32dfd700
Event: 0.213 Thread 0x0000026b7d4f3000 DEOPT UNPACKING pc=0x0000026b03c3964e sp=0x000000cb32dfcbd0 mode 0
Event: 0.214 Thread 0x0000026b7d4f3000 DEOPT PACKING pc=0x0000026b041ad63b sp=0x000000cb32dfd700
Event: 0.214 Thread 0x0000026b7d4f3000 DEOPT UNPACKING pc=0x0000026b03c3964e sp=0x000000cb32dfcbd0 mode 0
Event: 0.214 Thread 0x0000026b7d4f3000 DEOPT PACKING pc=0x0000026b041adc8e sp=0x000000cb32dfd730
Event: 0.214 Thread 0x0000026b7d4f3000 DEOPT UNPACKING pc=0x0000026b03c3964e sp=0x000000cb32dfcbd0 mode 0
Event: 0.442 Thread 0x0000026b7d4f3000 DEOPT PACKING pc=0x0000026b041b6550 sp=0x000000cb32dfcb60
Event: 0.442 Thread 0x0000026b7d4f3000 DEOPT UNPACKING pc=0x0000026b03c3964e sp=0x000000cb32dfc000 mode 0
Event: 0.579 Thread 0x0000026b7d4f3000 DEOPT PACKING pc=0x0000026b041ca282 sp=0x000000cb32dfd350
Event: 0.579 Thread 0x0000026b7d4f3000 DEOPT UNPACKING pc=0x0000026b03c3964e sp=0x000000cb32dfc7b8 mode 0
Event: 0.580 Thread 0x0000026b7d4f3000 DEOPT PACKING pc=0x0000026b0420e3bd sp=0x000000cb32dfd100
Event: 0.580 Thread 0x0000026b7d4f3000 DEOPT UNPACKING pc=0x0000026b03c3964e sp=0x000000cb32dfc5b8 mode 0
Event: 0.581 Thread 0x0000026b7d4f3000 DEOPT PACKING pc=0x0000026b0420e3bd sp=0x000000cb32dfc470
Event: 0.581 Thread 0x0000026b7d4f3000 DEOPT UNPACKING pc=0x0000026b03c3964e sp=0x000000cb32dfb928 mode 0
Event: 0.634 Thread 0x0000026b7d4f3000 Uncommon trap: trap_request=0xffffff45 fr.pc=0x0000026b0b6c9280 relative=0x0000000000000060
Event: 0.634 Thread 0x0000026b7d4f3000 Uncommon trap: reason=unstable_if action=reinterpret pc=0x0000026b0b6c9280 method=java.io.WinNTFileSystem.isSlash(C)Z @ 9 c2
Event: 0.634 Thread 0x0000026b7d4f3000 DEOPT PACKING pc=0x0000026b0b6c9280 sp=0x000000cb32dfdad0
Event: 0.634 Thread 0x0000026b7d4f3000 DEOPT UNPACKING pc=0x0000026b03c3912f sp=0x000000cb32dfda58 mode 2
Event: 0.688 Thread 0x0000026b7d4f3000 DEOPT PACKING pc=0x0000026b0423f1fa sp=0x000000cb32dfdc20
Event: 0.688 Thread 0x0000026b7d4f3000 DEOPT UNPACKING pc=0x0000026b03c3964e sp=0x000000cb32dfd090 mode 0

Classes unloaded (0 events):
No events

Classes redefined (0 events):
No events

Internal exceptions (0 events):
No events

Events (20 events):
Event: 0.634 loading class sun/net/www/MessageHeader done
Event: 0.634 loading class sun/net/www/protocol/jar/URLJarFile
Event: 0.634 loading class sun/net/www/protocol/jar/URLJarFile done
Event: 0.634 Executing VM operation: HandshakeAllThreads
Event: 0.634 Executing VM operation: HandshakeAllThreads done
Event: 0.635 loading class sun/net/www/protocol/jar/URLJarFile$URLJarFileEntry
Event: 0.635 loading class sun/net/www/protocol/jar/URLJarFile$URLJarFileEntry done
Event: 0.635 loading class sun/net/www/protocol/jar/JarURLConnection$JarURLInputStream
Event: 0.635 loading class sun/net/www/protocol/jar/JarURLConnection$JarURLInputStream done
Event: 0.653 loading class java/io/BufferedReader
Event: 0.653 loading class java/io/BufferedReader done
Event: 0.653 loading class sun/nio/cs/StreamDecoder
Event: 0.654 loading class sun/nio/cs/StreamDecoder done
Event: 0.654 loading class sun/nio/cs/UTF_8$Decoder
Event: 0.654 loading class sun/nio/cs/UTF_8$Decoder done
Event: 0.654 loading class java/nio/charset/CoderResult
Event: 0.654 loading class java/nio/charset/CoderResult done
Event: 0.701 loading class java/util/Collections$UnmodifiableCollection$1
Event: 0.701 loading class java/util/Collections$UnmodifiableCollection$1 done
Event: 0.718 Executing VM operation: CollectForMetadataAllocation


Dynamic libraries:
0x00007ff762000000 - 0x00007ff76200d000 	C:\Users\Nataliaado\.p2\pool\plugins\org.eclipse.justj.openjdk.hotspot.jre.full.win32.x86_64_14.0.2.v20200815-0932\jre\bin\javaw.exe
0x00007ff983560000 - 0x00007ff983750000 	C:\WINDOWS\SYSTEM32\ntdll.dll
0x00007ff982090000 - 0x00007ff982142000 	C:\WINDOWS\System32\KERNEL32.DLL
0x00007ff980f30000 - 0x00007ff9811d5000 	C:\WINDOWS\System32\KERNELBASE.dll
0x00007ff9814b0000 - 0x00007ff9815aa000 	C:\WINDOWS\System32\ucrtbase.dll
0x00007ff96f230000 - 0x00007ff96f248000 	C:\Users\Nataliaado\.p2\pool\plugins\org.eclipse.justj.openjdk.hotspot.jre.full.win32.x86_64_14.0.2.v20200815-0932\jre\bin\jli.dll
0x00007ff96ab20000 - 0x00007ff96ab35000 	C:\Users\Nataliaado\.p2\pool\plugins\org.eclipse.justj.openjdk.hotspot.jre.full.win32.x86_64_14.0.2.v20200815-0932\jre\bin\VCRUNTIME140.dll
0x00007ff981e90000 - 0x00007ff982024000 	C:\WINDOWS\System32\USER32.dll
0x00007ff9815b0000 - 0x00007ff9815d1000 	C:\WINDOWS\System32\win32u.dll
0x00007ff96e390000 - 0x00007ff96e614000 	C:\WINDOWS\WinSxS\amd64_microsoft.windows.common-controls_6595b64144ccf1df_6.0.18362.1316_none_9e7a364fe461dbd7\COMCTL32.dll
0x00007ff9834f0000 - 0x00007ff983516000 	C:\WINDOWS\System32\GDI32.dll
0x00007ff983300000 - 0x00007ff98339e000 	C:\WINDOWS\System32\msvcrt.dll
0x00007ff980610000 - 0x00007ff9807a8000 	C:\WINDOWS\System32\gdi32full.dll
0x00007ff9804e0000 - 0x00007ff98057e000 	C:\WINDOWS\System32\msvcp_win.dll
0x00007ff982ee0000 - 0x00007ff983217000 	C:\WINDOWS\System32\combase.dll
0x00007ff982c70000 - 0x00007ff982d8f000 	C:\WINDOWS\System32\RPCRT4.dll
0x00007ff980580000 - 0x00007ff980601000 	C:\WINDOWS\System32\bcryptPrimitives.dll
0x00007ff982960000 - 0x00007ff98298e000 	C:\WINDOWS\System32\IMM32.DLL
0x00007ff959850000 - 0x00007ff9598eb000 	C:\Users\Nataliaado\.p2\pool\plugins\org.eclipse.justj.openjdk.hotspot.jre.full.win32.x86_64_14.0.2.v20200815-0932\jre\bin\msvcp140.dll
0x00007ff9271d0000 - 0x00007ff927cee000 	C:\Users\Nataliaado\.p2\pool\plugins\org.eclipse.justj.openjdk.hotspot.jre.full.win32.x86_64_14.0.2.v20200815-0932\jre\bin\server\jvm.dll
0x00007ff982e30000 - 0x00007ff982ed3000 	C:\WINDOWS\System32\ADVAPI32.dll
0x00007ff982d90000 - 0x00007ff982e27000 	C:\WINDOWS\System32\sechost.dll
0x00007ff9834e0000 - 0x00007ff9834e8000 	C:\WINDOWS\System32\PSAPI.DLL
0x00007ff97cb20000 - 0x00007ff97cb44000 	C:\WINDOWS\SYSTEM32\WINMM.dll
0x00007ff97a580000 - 0x00007ff97a589000 	C:\WINDOWS\SYSTEM32\WSOCK32.dll
0x00007ff983470000 - 0x00007ff9834df000 	C:\WINDOWS\System32\WS2_32.dll
0x00007ff978fc0000 - 0x00007ff978fca000 	C:\WINDOWS\SYSTEM32\VERSION.dll
0x00007ff97caf0000 - 0x00007ff97cb1d000 	C:\WINDOWS\SYSTEM32\winmmbase.dll
0x00007ff981240000 - 0x00007ff98128a000 	C:\WINDOWS\System32\cfgmgr32.dll
0x00007ff980420000 - 0x00007ff980431000 	C:\WINDOWS\System32\kernel.appcore.dll
0x00007ff97b6b0000 - 0x00007ff97b6ba000 	C:\Users\Nataliaado\.p2\pool\plugins\org.eclipse.justj.openjdk.hotspot.jre.full.win32.x86_64_14.0.2.v20200815-0932\jre\bin\jimage.dll
0x00007ff97ecf0000 - 0x00007ff97eee4000 	C:\WINDOWS\SYSTEM32\DBGHELP.DLL
0x00007ff967e40000 - 0x00007ff967e6a000 	C:\WINDOWS\SYSTEM32\dbgcore.DLL
0x00007ff9784e0000 - 0x00007ff978505000 	C:\Users\Nataliaado\.p2\pool\plugins\org.eclipse.justj.openjdk.hotspot.jre.full.win32.x86_64_14.0.2.v20200815-0932\jre\bin\java.dll
0x00007ff978430000 - 0x00007ff978446000 	C:\Users\Nataliaado\.p2\pool\plugins\org.eclipse.justj.openjdk.hotspot.jre.full.win32.x86_64_14.0.2.v20200815-0932\jre\bin\zip.dll
0x00007ff981670000 - 0x00007ff981d58000 	C:\WINDOWS\System32\SHELL32.dll
0x00007ff981d60000 - 0x00007ff981e07000 	C:\WINDOWS\System32\shcore.dll
0x00007ff9807b0000 - 0x00007ff980f2b000 	C:\WINDOWS\System32\windows.storage.dll
0x00007ff980490000 - 0x00007ff9804b3000 	C:\WINDOWS\System32\profapi.dll
0x00007ff980440000 - 0x00007ff98048a000 	C:\WINDOWS\System32\powrprof.dll
0x00007ff980410000 - 0x00007ff980420000 	C:\WINDOWS\System32\UMPDC.dll
0x00007ff981610000 - 0x00007ff981662000 	C:\WINDOWS\System32\shlwapi.dll
0x00007ff981340000 - 0x00007ff981357000 	C:\WINDOWS\System32\cryptsp.dll
0x00007ff978410000 - 0x00007ff978429000 	C:\Users\Nataliaado\.p2\pool\plugins\org.eclipse.justj.openjdk.hotspot.jre.full.win32.x86_64_14.0.2.v20200815-0932\jre\bin\net.dll
0x00007ff977f40000 - 0x00007ff978030000 	C:\WINDOWS\SYSTEM32\WINHTTP.dll
0x00007ff97fc50000 - 0x00007ff97fcb7000 	C:\WINDOWS\system32\mswsock.dll
0x00007ff9783f0000 - 0x00007ff978402000 	C:\Users\Nataliaado\.p2\pool\plugins\org.eclipse.justj.openjdk.hotspot.jre.full.win32.x86_64_14.0.2.v20200815-0932\jre\bin\nio.dll
0x00007ff975e80000 - 0x00007ff975e90000 	C:\Users\Nataliaado\.p2\pool\plugins\org.eclipse.justj.openjdk.hotspot.jre.full.win32.x86_64_14.0.2.v20200815-0932\jre\bin\verify.dll

dbghelp: loaded successfully - version: 4.0.5 - missing functions: none
symbol engine: initialized successfully - sym options: 0x614 - pdb path: .;C:\Users\Nataliaado\.p2\pool\plugins\org.eclipse.justj.openjdk.hotspot.jre.full.win32.x86_64_14.0.2.v20200815-0932\jre\bin;C:\WINDOWS\SYSTEM32;C:\WINDOWS\WinSxS\amd64_microsoft.windows.common-controls_6595b64144ccf1df_6.0.18362.1316_none_9e7a364fe461dbd7;C:\Users\Nataliaado\.p2\pool\plugins\org.eclipse.justj.openjdk.hotspot.jre.full.win32.x86_64_14.0.2.v20200815-0932\jre\bin\server

VM Arguments:
jvm_args: -ea -Dfile.encoding=UTF-8 -XX:+ShowCodeDetailsInExceptionMessages 
java_command: org.eclipse.jdt.internal.junit.runner.RemoteTestRunner -version 3 -port 59002 -testLoaderClass org.eclipse.jdt.internal.junit5.runner.JUnit5TestLoader -loaderpluginname org.eclipse.jdt.junit5.runtime -classNames projeto.junit5.tests.TestFacebook
java_class_path (initial): C:\Users\Nataliaado\Downloads\junit5\target\test-classes;C:\Users\Nataliaado\Downloads\junit5\target\classes;C:\Users\Nataliaado\.p2\pool\plugins\org.junit.jupiter.api_5.6.0.v20200203-2009.jar;C:\Users\Nataliaado\.p2\pool\plugins\org.junit.jupiter.engine_5.6.0.v20200203-2009.jar;C:\Users\Nataliaado\.p2\pool\plugins\org.junit.jupiter.migrationsupport_5.6.0.v20200203-2009.jar;C:\Users\Nataliaado\.p2\pool\plugins\org.junit.jupiter.params_5.6.0.v20200203-2009.jar;C:\Users\Nataliaado\.p2\pool\plugins\org.junit.platform.commons_1.6.0.v20200203-2009.jar;C:\Users\Nataliaado\.p2\pool\plugins\org.junit.platform.engine_1.6.0.v20200203-2009.jar;C:\Users\Nataliaado\.p2\pool\plugins\org.junit.platform.launcher_1.6.0.v20200203-2009.jar;C:\Users\Nataliaado\.p2\pool\plugins\org.junit.platform.runner_1.6.0.v20200203-2009.jar;C:\Users\Nataliaado\.p2\pool\plugins\org.junit.platform.suite.api_1.6.0.v20200203-2009.jar;C:\Users\Nataliaado\.p2\pool\plugins\org.junit.vintage.engine_5.6.0.v20200203-2009.jar;C:\Users\Nataliaado\.p2\pool\plugins\org.opentest4j_1.2.0.v20190826-0900.jar;C:\Users\Nataliaado\.p2\pool\plugins\org.apiguardian_1.1.0.v20190826-0900.jar;C:\Users\Nataliaado\.p2\pool\plugins\org.junit_4.13.0.v20200204-1500.jar;C:\Users\Nataliaado\.p2\pool\plugins\org.hamcrest.core_1.3.0.v20180420-1519.jar;C:\Users\Nataliaado\.m2\repository\junit\junit\4.11\junit-4.11.jar;C:\Users\Nataliaado\.m2\repository\org\hamcrest\hamcrest-core\1.3\hamcrest-core-1.3.jar;C:\Users\Nataliaado\.m2\repository\org\seleniumhq\selenium\selenium-java\3.141.59\selenium-java-3.141.59.jar;C:\Users\Nataliaado\.m2\repository\org\seleniumhq\selenium\selenium-api\3.141.59\selenium-api-3.141.59.jar;C:\Users\Nataliaado\.m2\repository\org\seleniumhq\selenium\selenium-chrome-driver\3.141.59\selenium-chrome-driver-3.141.59.jar;C:\Users\Nataliaado\.m2\repository\org\seleniumhq\selenium\selenium-edge-driver\3.141.59\selenium-edge-driver-3.141.59.jar;C:\Users\Nataliaado\.m2\repository\org\seleni
Launcher Type: SUN_STANDARD

[Global flags]
     intx CICompilerCount                          = 3                                         {product} {ergonomic}
     uint ConcGCThreads                            = 1                                         {product} {ergonomic}
     uint G1ConcRefinementThreads                  = 4                                         {product} {ergonomic}
   size_t G1HeapRegionSize                         = 1048576                                   {product} {ergonomic}
    uintx GCDrainStackTargetSize                   = 64                                        {product} {ergonomic}
   size_t InitialHeapSize                          = 134217728                                 {product} {ergonomic}
   size_t MarkStackSize                            = 4194304                                   {product} {ergonomic}
   size_t MaxHeapSize                              = 2122317824                                {product} {ergonomic}
   size_t MaxNewSize                               = 1272971264                                {product} {ergonomic}
   size_t MinHeapDeltaBytes                        = 1048576                                   {product} {ergonomic}
   size_t MinHeapSize                              = 8388608                                   {product} {ergonomic}
    uintx NonNMethodCodeHeapSize                   = 5832780                                {pd product} {ergonomic}
    uintx NonProfiledCodeHeapSize                  = 122912730                              {pd product} {ergonomic}
    uintx ProfiledCodeHeapSize                     = 122912730                              {pd product} {ergonomic}
    uintx ReservedCodeCacheSize                    = 251658240                              {pd product} {ergonomic}
     bool SegmentedCodeCache                       = true                                      {product} {ergonomic}
     bool ShowCodeDetailsInExceptionMessages       = true                                   {manageable} {command line}
   size_t SoftMaxHeapSize                          = 2122317824                             {manageable} {ergonomic}
     bool UseCompressedClassPointers               = true                                 {lp64_product} {ergonomic}
     bool UseCompressedOops                        = true                                 {lp64_product} {ergonomic}
     bool UseG1GC                                  = true                                      {product} {ergonomic}
     bool UseLargePagesIndividualAllocation        = false                                  {pd product} {ergonomic}

Logging:
Log output configuration:
 #0: stdout all=warning uptime,level,tags
 #1: stderr all=off uptime,level,tags

Environment Variables:
PATH=C:/Users/Nataliaado/.p2/pool/plugins/org.eclipse.justj.openjdk.hotspot.jre.full.win32.x86_64_14.0.2.v20200815-0932/jre/bin/server;C:/Users/Nataliaado/.p2/pool/plugins/org.eclipse.justj.openjdk.hotspot.jre.full.win32.x86_64_14.0.2.v20200815-0932/jre/bin;C:\Program Files (x86)\Common Files\Oracle\Java\javapath;C:\Windows\system32;C:\Windows;C:\Windows\System32\Wbem;C:\Windows\System32\WindowsPowerShell\v1.0\;C:\Program Files (x86)\NVIDIA Corporation\PhysX\Common;C:\WINDOWS\system32;C:\WINDOWS;C:\WINDOWS\System32\Wbem;C:\WINDOWS\System32\WindowsPowerShell\v1.0\;C:\WINDOWS\System32\OpenSSH\;C:\Program Files (x86)\Intel\Intel(R) Management Engine Components\DAL;C:\Program Files\Intel\Intel(R) Management Engine Components\DAL;C:\Program Files\Git\cmd;"C:\Users\Nataliaado\AppData\Local\Microsoft\WindowsApps;C:\Program Files\bin";C:\Users\Nataliaado\eclipse\jee-2020-09\eclipse;
USERNAME=Nataliaado
OS=Windows_NT
PROCESSOR_IDENTIFIER=Intel64 Family 6 Model 142 Stepping 9, GenuineIntel



---------------  S Y S T E M  ---------------

OS: Windows 10 , 64 bit Build 18362 (10.0.18362.1316)
OS uptime: 18 days 23:57 hours

CPU:total 4 (initial active 4) (2 cores per cpu, 2 threads per core) family 6 model 142 stepping 9, cmov, cx8, fxsr, mmx, sse, sse2, sse3, ssse3, sse4.1, sse4.2, popcnt, avx, avx2, aes, clmul, erms, 3dnowpref, lzcnt, ht, tsc, tscinvbit, bmi1, bmi2, adx, fma

Memory: 4k page, system-wide physical 8090M (1066M free)
TotalPageFile size 8090M (AvailPageFile size 2M)
current process WorkingSet (physical memory assigned to process): 57M, peak: 57M
current process commit charge ("private bytes"): 208M, peak: 208M

vm_info: OpenJDK 64-Bit Server VM (14.0.2+12-46) for windows-amd64 JRE (14.0.2+12-46), built on Jul  9 2020 00:31:16 by "mach5one" with MS VC++ 15.9 (VS2017)

END.
