#
# There is insufficient memory for the Java Runtime Environment to continue.
# Native memory allocation (malloc) failed to allocate 383232 bytes for Chunk::new
# Possible reasons:
#   The system is out of physical RAM or swap space
#   The process is running with CompressedOops enabled, and the Java Heap may be blocking the growth of the native heap
# Possible solutions:
#   Reduce memory load on the system
#   Increase physical memory or swap space
#   Check if swap backing store is full
#   Decrease Java heap size (-Xmx/-Xms)
#   Decrease number of Java threads
#   Decrease Java thread stack sizes (-Xss)
#   Set larger code cache with -XX:ReservedCodeCacheSize=
#   JVM is running with Unscaled Compressed Oops mode in which the Java heap is
#     placed in the first 4GB address space. The Java Heap base address is the
#     maximum limit for the native heap growth. Please use -XX:HeapBaseMinAddress
#     to set the Java Heap base and to place the Java Heap above 4GB virtual address.
# This output file may be truncated or incomplete.
#
#  Out of Memory Error (./open/src/hotspot/share/memory/arena.cpp:195), pid=17416, tid=12152
#
# JRE version: OpenJDK Runtime Environment (14.0.2+12) (build 14.0.2+12-46)
# Java VM: OpenJDK 64-Bit Server VM (14.0.2+12-46, mixed mode, tiered, compressed oops, g1 gc, windows-amd64)
# No core dump will be written. Minidumps are not enabled by default on client versions of Windows
#

---------------  S U M M A R Y ------------

Command Line: -ea -Dfile.encoding=UTF-8 -XX:+ShowCodeDetailsInExceptionMessages org.eclipse.jdt.internal.junit.runner.RemoteTestRunner -version 3 -port 59003 -testLoaderClass org.eclipse.jdt.internal.junit5.runner.JUnit5TestLoader -loaderpluginname org.eclipse.jdt.junit5.runtime -classNames projeto.junit5.tests.TestFacebook

Host: Intel(R) Core(TM) i5-7200U CPU @ 2.50GHz, 4 cores, 7G,  Windows 10 , 64 bit Build 18362 (10.0.18362.1316)
Time: Sat May 15 19:06:33 2021 Hora oficial do Brasil elapsed time: 1 seconds (0d 0h 0m 1s)

---------------  T H R E A D  ---------------

Current thread (0x0000021e4de37000):  JavaThread "C2 CompilerThread1" daemon [_thread_in_native, id=12152, stack(0x000000d85a600000,0x000000d85a700000)]


Current CompileTask:
C2:   1825 1303   !   4       java.util.jar.Attributes::read (530 bytes)

Stack: [0x000000d85a600000,0x000000d85a700000]
Native frames: (J=compiled Java code, j=interpreted, Vv=VM code, C=native code)
V  [jvm.dll+0x5f8a9a]
V  [jvm.dll+0x74247a]
V  [jvm.dll+0x743c2f]
V  [jvm.dll+0x744273]
V  [jvm.dll+0x20d288]
V  [jvm.dll+0xabb07]
V  [jvm.dll+0xac1fc]
V  [jvm.dll+0x31c495]
V  [jvm.dll+0x18cc10]
V  [jvm.dll+0x1e5efa]
V  [jvm.dll+0x1e50b8]
V  [jvm.dll+0x1779cc]
V  [jvm.dll+0x1f4105]
V  [jvm.dll+0x1f22eb]
V  [jvm.dll+0x7070cd]
V  [jvm.dll+0x6ffeda]
V  [jvm.dll+0x5f78f6]
C  [ucrtbase.dll+0x210b2]
C  [KERNEL32.DLL+0x17c24]
C  [ntdll.dll+0x6d4d1]


---------------  P R O C E S S  ---------------

Threads class SMR info:
_java_thread_list=0x0000021e4e457400, length=13, elements={
0x0000021e33644000, 0x0000021e4d364000, 0x0000021e4d365000, 0x0000021e4dbad800,
0x0000021e4dbae800, 0x0000021e4dbaf800, 0x0000021e4dbb7000, 0x0000021e4dbc2000,
0x0000021e4d36e800, 0x0000021e4dd2e000, 0x0000021e4dd5b000, 0x0000021e4de37000,
0x0000021e4e2ba000
}

Java Threads: ( => current thread )
  0x0000021e33644000 JavaThread "main" [_thread_in_Java, id=18660, stack(0x000000d859400000,0x000000d859500000)]
  0x0000021e4d364000 JavaThread "Reference Handler" daemon [_thread_blocked, id=17044, stack(0x000000d859b00000,0x000000d859c00000)]
  0x0000021e4d365000 JavaThread "Finalizer" daemon [_thread_blocked, id=7736, stack(0x000000d859c00000,0x000000d859d00000)]
  0x0000021e4dbad800 JavaThread "Signal Dispatcher" daemon [_thread_blocked, id=7364, stack(0x000000d859d00000,0x000000d859e00000)]
  0x0000021e4dbae800 JavaThread "Attach Listener" daemon [_thread_blocked, id=20036, stack(0x000000d859e00000,0x000000d859f00000)]
  0x0000021e4dbaf800 JavaThread "Service Thread" daemon [_thread_blocked, id=12488, stack(0x000000d859f00000,0x000000d85a000000)]
  0x0000021e4dbb7000 JavaThread "C2 CompilerThread0" daemon [_thread_blocked, id=5212, stack(0x000000d85a000000,0x000000d85a100000)]
  0x0000021e4dbc2000 JavaThread "C1 CompilerThread0" daemon [_thread_blocked, id=19168, stack(0x000000d85a100000,0x000000d85a200000)]
  0x0000021e4d36e800 JavaThread "Sweeper thread" daemon [_thread_blocked, id=16648, stack(0x000000d85a200000,0x000000d85a300000)]
  0x0000021e4dd2e000 JavaThread "Notification Thread" daemon [_thread_blocked, id=12604, stack(0x000000d85a300000,0x000000d85a400000)]
  0x0000021e4dd5b000 JavaThread "Common-Cleaner" daemon [_thread_blocked, id=17212, stack(0x000000d85a500000,0x000000d85a600000)]
=>0x0000021e4de37000 JavaThread "C2 CompilerThread1" daemon [_thread_in_native, id=12152, stack(0x000000d85a600000,0x000000d85a700000)]
  0x0000021e4e2ba000 JavaThread "ReaderThread" [_thread_in_native, id=408, stack(0x000000d85a700000,0x000000d85a800000)]

Other Threads:
  0x0000021e4db76000 VMThread "VM Thread" [stack: 0x000000d859a00000,0x000000d859b00000] [id=6948]
  0x0000021e4dd4e800 WatcherThread [stack: 0x000000d85a400000,0x000000d85a500000] [id=20236]
  0x0000021e33684800 GCTaskThread "GC Thread#0" [stack: 0x000000d859500000,0x000000d859600000] [id=14256]
  0x0000021e4e60e800 GCTaskThread "GC Thread#1" [stack: 0x000000d85a800000,0x000000d85a900000] [id=2620]
  0x0000021e4e67e000 GCTaskThread "GC Thread#2" [stack: 0x000000d85a900000,0x000000d85aa00000] [id=1296]
  0x0000021e4e67e800 GCTaskThread "GC Thread#3" [stack: 0x000000d85aa00000,0x000000d85ab00000] [id=19732]
  0x0000021e33697800 ConcurrentGCThread "G1 Main Marker" [stack: 0x000000d859600000,0x000000d859700000] [id=12744]
  0x0000021e3369a800 ConcurrentGCThread "G1 Conc#0" [stack: 0x000000d859700000,0x000000d859800000] [id=3972]
  0x0000021e4d188800 ConcurrentGCThread "G1 Refine#0" [stack: 0x000000d859800000,0x000000d859900000] [id=2140]
  0x0000021e4d18a800 ConcurrentGCThread "G1 Young RemSet Sampling" [stack: 0x000000d859900000,0x000000d859a00000] [id=11280]

Threads with active compile tasks:
C2 CompilerThread1     1864 1303   !   4       java.util.jar.Attributes::read (530 bytes)

VM state:not at safepoint (normal execution)

VM Mutex/Monitor currently owned by a thread: None

Heap address: 0x0000000081800000, size: 2024 MB, Compressed Oops mode: 32-bit
Narrow klass base: 0x0000000000000000, Narrow klass shift: 3
Compressed class space size: 1073741824 Address: 0x0000000100000000

Heap:
 garbage-first heap   total 131072K, used 3979K [0x0000000081800000, 0x0000000100000000)
  region size 1024K, 2 young (2048K), 1 survivors (1024K)
 Metaspace       used 14511K, capacity 15005K, committed 15104K, reserved 1062912K
  class space    used 1538K, capacity 1713K, committed 1792K, reserved 1048576K
Heap Regions: E=young(eden), S=young(survivor), O=old, HS=humongous(starts), HC=humongous(continues), CS=collection set, F=free, OA=open archive, CA=closed archive, TAMS=top-at-mark-start (previous, next)
|   0|0x0000000081800000, 0x0000000081900000, 0x0000000081900000|100%| O|  |TAMS 0x0000000081800000, 0x0000000081800000| Untracked 
|   1|0x0000000081900000, 0x0000000081a00000, 0x0000000081a00000|100%| O|  |TAMS 0x0000000081900000, 0x0000000081900000| Untracked 
|   2|0x0000000081a00000, 0x0000000081afc200, 0x0000000081b00000| 98%| O|  |TAMS 0x0000000081a00000, 0x0000000081a00000| Untracked 
|   3|0x0000000081b00000, 0x0000000081b00000, 0x0000000081c00000|  0%| F|  |TAMS 0x0000000081b00000, 0x0000000081b00000| Untracked 
|   4|0x0000000081c00000, 0x0000000081c00000, 0x0000000081d00000|  0%| F|  |TAMS 0x0000000081c00000, 0x0000000081c00000| Untracked 
|   5|0x0000000081d00000, 0x0000000081d00000, 0x0000000081e00000|  0%| F|  |TAMS 0x0000000081d00000, 0x0000000081d00000| Untracked 
|   6|0x0000000081e00000, 0x0000000081e00000, 0x0000000081f00000|  0%| F|  |TAMS 0x0000000081e00000, 0x0000000081e00000| Untracked 
|   7|0x0000000081f00000, 0x0000000081f00000, 0x0000000082000000|  0%| F|  |TAMS 0x0000000081f00000, 0x0000000081f00000| Untracked 
|   8|0x0000000082000000, 0x0000000082000000, 0x0000000082100000|  0%| F|  |TAMS 0x0000000082000000, 0x0000000082000000| Untracked 
|   9|0x0000000082100000, 0x0000000082100000, 0x0000000082200000|  0%| F|  |TAMS 0x0000000082100000, 0x0000000082100000| Untracked 
|  10|0x0000000082200000, 0x0000000082200000, 0x0000000082300000|  0%| F|  |TAMS 0x0000000082200000, 0x0000000082200000| Untracked 
|  11|0x0000000082300000, 0x0000000082300000, 0x0000000082400000|  0%| F|  |TAMS 0x0000000082300000, 0x0000000082300000| Untracked 
|  12|0x0000000082400000, 0x0000000082400000, 0x0000000082500000|  0%| F|  |TAMS 0x0000000082400000, 0x0000000082400000| Untracked 
|  13|0x0000000082500000, 0x0000000082500000, 0x0000000082600000|  0%| F|  |TAMS 0x0000000082500000, 0x0000000082500000| Untracked 
|  14|0x0000000082600000, 0x0000000082600000, 0x0000000082700000|  0%| F|  |TAMS 0x0000000082600000, 0x0000000082600000| Untracked 
|  15|0x0000000082700000, 0x0000000082700000, 0x0000000082800000|  0%| F|  |TAMS 0x0000000082700000, 0x0000000082700000| Untracked 
|  16|0x0000000082800000, 0x0000000082800000, 0x0000000082900000|  0%| F|  |TAMS 0x0000000082800000, 0x0000000082800000| Untracked 
|  17|0x0000000082900000, 0x0000000082900000, 0x0000000082a00000|  0%| F|  |TAMS 0x0000000082900000, 0x0000000082900000| Untracked 
|  18|0x0000000082a00000, 0x0000000082a00000, 0x0000000082b00000|  0%| F|  |TAMS 0x0000000082a00000, 0x0000000082a00000| Untracked 
|  19|0x0000000082b00000, 0x0000000082b00000, 0x0000000082c00000|  0%| F|  |TAMS 0x0000000082b00000, 0x0000000082b00000| Untracked 
|  20|0x0000000082c00000, 0x0000000082c00000, 0x0000000082d00000|  0%| F|  |TAMS 0x0000000082c00000, 0x0000000082c00000| Untracked 
|  21|0x0000000082d00000, 0x0000000082d00000, 0x0000000082e00000|  0%| F|  |TAMS 0x0000000082d00000, 0x0000000082d00000| Untracked 
|  22|0x0000000082e00000, 0x0000000082e00000, 0x0000000082f00000|  0%| F|  |TAMS 0x0000000082e00000, 0x0000000082e00000| Untracked 
|  23|0x0000000082f00000, 0x0000000082f00000, 0x0000000083000000|  0%| F|  |TAMS 0x0000000082f00000, 0x0000000082f00000| Untracked 
|  24|0x0000000083000000, 0x0000000083000000, 0x0000000083100000|  0%| F|  |TAMS 0x0000000083000000, 0x0000000083000000| Untracked 
|  25|0x0000000083100000, 0x0000000083100000, 0x0000000083200000|  0%| F|  |TAMS 0x0000000083100000, 0x0000000083100000| Untracked 
|  26|0x0000000083200000, 0x0000000083200000, 0x0000000083300000|  0%| F|  |TAMS 0x0000000083200000, 0x0000000083200000| Untracked 
|  27|0x0000000083300000, 0x0000000083300000, 0x0000000083400000|  0%| F|  |TAMS 0x0000000083300000, 0x0000000083300000| Untracked 
|  28|0x0000000083400000, 0x0000000083400000, 0x0000000083500000|  0%| F|  |TAMS 0x0000000083400000, 0x0000000083400000| Untracked 
|  29|0x0000000083500000, 0x0000000083500000, 0x0000000083600000|  0%| F|  |TAMS 0x0000000083500000, 0x0000000083500000| Untracked 
|  30|0x0000000083600000, 0x0000000083600000, 0x0000000083700000|  0%| F|  |TAMS 0x0000000083600000, 0x0000000083600000| Untracked 
|  31|0x0000000083700000, 0x0000000083700000, 0x0000000083800000|  0%| F|  |TAMS 0x0000000083700000, 0x0000000083700000| Untracked 
|  32|0x0000000083800000, 0x0000000083800000, 0x0000000083900000|  0%| F|  |TAMS 0x0000000083800000, 0x0000000083800000| Untracked 
|  33|0x0000000083900000, 0x0000000083900000, 0x0000000083a00000|  0%| F|  |TAMS 0x0000000083900000, 0x0000000083900000| Untracked 
|  34|0x0000000083a00000, 0x0000000083a00000, 0x0000000083b00000|  0%| F|  |TAMS 0x0000000083a00000, 0x0000000083a00000| Untracked 
|  35|0x0000000083b00000, 0x0000000083b00000, 0x0000000083c00000|  0%| F|  |TAMS 0x0000000083b00000, 0x0000000083b00000| Untracked 
|  36|0x0000000083c00000, 0x0000000083c00000, 0x0000000083d00000|  0%| F|  |TAMS 0x0000000083c00000, 0x0000000083c00000| Untracked 
|  37|0x0000000083d00000, 0x0000000083d00000, 0x0000000083e00000|  0%| F|  |TAMS 0x0000000083d00000, 0x0000000083d00000| Untracked 
|  38|0x0000000083e00000, 0x0000000083e00000, 0x0000000083f00000|  0%| F|  |TAMS 0x0000000083e00000, 0x0000000083e00000| Untracked 
|  39|0x0000000083f00000, 0x0000000083f00000, 0x0000000084000000|  0%| F|  |TAMS 0x0000000083f00000, 0x0000000083f00000| Untracked 
|  40|0x0000000084000000, 0x0000000084000000, 0x0000000084100000|  0%| F|  |TAMS 0x0000000084000000, 0x0000000084000000| Untracked 
|  41|0x0000000084100000, 0x0000000084100000, 0x0000000084200000|  0%| F|  |TAMS 0x0000000084100000, 0x0000000084100000| Untracked 
|  42|0x0000000084200000, 0x0000000084200000, 0x0000000084300000|  0%| F|  |TAMS 0x0000000084200000, 0x0000000084200000| Untracked 
|  43|0x0000000084300000, 0x0000000084300000, 0x0000000084400000|  0%| F|  |TAMS 0x0000000084300000, 0x0000000084300000| Untracked 
|  44|0x0000000084400000, 0x0000000084400000, 0x0000000084500000|  0%| F|  |TAMS 0x0000000084400000, 0x0000000084400000| Untracked 
|  45|0x0000000084500000, 0x0000000084500000, 0x0000000084600000|  0%| F|  |TAMS 0x0000000084500000, 0x0000000084500000| Untracked 
|  46|0x0000000084600000, 0x0000000084600000, 0x0000000084700000|  0%| F|  |TAMS 0x0000000084600000, 0x0000000084600000| Untracked 
|  47|0x0000000084700000, 0x0000000084700000, 0x0000000084800000|  0%| F|  |TAMS 0x0000000084700000, 0x0000000084700000| Untracked 
|  48|0x0000000084800000, 0x0000000084800000, 0x0000000084900000|  0%| F|  |TAMS 0x0000000084800000, 0x0000000084800000| Untracked 
|  49|0x0000000084900000, 0x0000000084900000, 0x0000000084a00000|  0%| F|  |TAMS 0x0000000084900000, 0x0000000084900000| Untracked 
|  50|0x0000000084a00000, 0x0000000084a00000, 0x0000000084b00000|  0%| F|  |TAMS 0x0000000084a00000, 0x0000000084a00000| Untracked 
|  51|0x0000000084b00000, 0x0000000084b00000, 0x0000000084c00000|  0%| F|  |TAMS 0x0000000084b00000, 0x0000000084b00000| Untracked 
|  52|0x0000000084c00000, 0x0000000084c00000, 0x0000000084d00000|  0%| F|  |TAMS 0x0000000084c00000, 0x0000000084c00000| Untracked 
|  53|0x0000000084d00000, 0x0000000084d00000, 0x0000000084e00000|  0%| F|  |TAMS 0x0000000084d00000, 0x0000000084d00000| Untracked 
|  54|0x0000000084e00000, 0x0000000084e00000, 0x0000000084f00000|  0%| F|  |TAMS 0x0000000084e00000, 0x0000000084e00000| Untracked 
|  55|0x0000000084f00000, 0x0000000084f00000, 0x0000000085000000|  0%| F|  |TAMS 0x0000000084f00000, 0x0000000084f00000| Untracked 
|  56|0x0000000085000000, 0x0000000085000000, 0x0000000085100000|  0%| F|  |TAMS 0x0000000085000000, 0x0000000085000000| Untracked 
|  57|0x0000000085100000, 0x0000000085100000, 0x0000000085200000|  0%| F|  |TAMS 0x0000000085100000, 0x0000000085100000| Untracked 
|  58|0x0000000085200000, 0x0000000085200000, 0x0000000085300000|  0%| F|  |TAMS 0x0000000085200000, 0x0000000085200000| Untracked 
|  59|0x0000000085300000, 0x0000000085300000, 0x0000000085400000|  0%| F|  |TAMS 0x0000000085300000, 0x0000000085300000| Untracked 
|  60|0x0000000085400000, 0x0000000085400000, 0x0000000085500000|  0%| F|  |TAMS 0x0000000085400000, 0x0000000085400000| Untracked 
|  61|0x0000000085500000, 0x0000000085500000, 0x0000000085600000|  0%| F|  |TAMS 0x0000000085500000, 0x0000000085500000| Untracked 
|  62|0x0000000085600000, 0x0000000085600000, 0x0000000085700000|  0%| F|  |TAMS 0x0000000085600000, 0x0000000085600000| Untracked 
|  63|0x0000000085700000, 0x0000000085700000, 0x0000000085800000|  0%| F|  |TAMS 0x0000000085700000, 0x0000000085700000| Untracked 
|  64|0x0000000085800000, 0x0000000085800000, 0x0000000085900000|  0%| F|  |TAMS 0x0000000085800000, 0x0000000085800000| Untracked 
|  65|0x0000000085900000, 0x0000000085900000, 0x0000000085a00000|  0%| F|  |TAMS 0x0000000085900000, 0x0000000085900000| Untracked 
|  66|0x0000000085a00000, 0x0000000085a00000, 0x0000000085b00000|  0%| F|  |TAMS 0x0000000085a00000, 0x0000000085a00000| Untracked 
|  67|0x0000000085b00000, 0x0000000085b00000, 0x0000000085c00000|  0%| F|  |TAMS 0x0000000085b00000, 0x0000000085b00000| Untracked 
|  68|0x0000000085c00000, 0x0000000085c00000, 0x0000000085d00000|  0%| F|  |TAMS 0x0000000085c00000, 0x0000000085c00000| Untracked 
|  69|0x0000000085d00000, 0x0000000085d00000, 0x0000000085e00000|  0%| F|  |TAMS 0x0000000085d00000, 0x0000000085d00000| Untracked 
|  70|0x0000000085e00000, 0x0000000085e00000, 0x0000000085f00000|  0%| F|  |TAMS 0x0000000085e00000, 0x0000000085e00000| Untracked 
|  71|0x0000000085f00000, 0x0000000085f00000, 0x0000000086000000|  0%| F|  |TAMS 0x0000000085f00000, 0x0000000085f00000| Untracked 
|  72|0x0000000086000000, 0x0000000086000000, 0x0000000086100000|  0%| F|  |TAMS 0x0000000086000000, 0x0000000086000000| Untracked 
|  73|0x0000000086100000, 0x0000000086100000, 0x0000000086200000|  0%| F|  |TAMS 0x0000000086100000, 0x0000000086100000| Untracked 
|  74|0x0000000086200000, 0x0000000086200000, 0x0000000086300000|  0%| F|  |TAMS 0x0000000086200000, 0x0000000086200000| Untracked 
|  75|0x0000000086300000, 0x0000000086300000, 0x0000000086400000|  0%| F|  |TAMS 0x0000000086300000, 0x0000000086300000| Untracked 
|  76|0x0000000086400000, 0x0000000086400000, 0x0000000086500000|  0%| F|  |TAMS 0x0000000086400000, 0x0000000086400000| Untracked 
|  77|0x0000000086500000, 0x0000000086500000, 0x0000000086600000|  0%| F|  |TAMS 0x0000000086500000, 0x0000000086500000| Untracked 
|  78|0x0000000086600000, 0x0000000086600000, 0x0000000086700000|  0%| F|  |TAMS 0x0000000086600000, 0x0000000086600000| Untracked 
|  79|0x0000000086700000, 0x0000000086700000, 0x0000000086800000|  0%| F|  |TAMS 0x0000000086700000, 0x0000000086700000| Untracked 
|  80|0x0000000086800000, 0x0000000086800000, 0x0000000086900000|  0%| F|  |TAMS 0x0000000086800000, 0x0000000086800000| Untracked 
|  81|0x0000000086900000, 0x0000000086900000, 0x0000000086a00000|  0%| F|  |TAMS 0x0000000086900000, 0x0000000086900000| Untracked 
|  82|0x0000000086a00000, 0x0000000086a00000, 0x0000000086b00000|  0%| F|  |TAMS 0x0000000086a00000, 0x0000000086a00000| Untracked 
|  83|0x0000000086b00000, 0x0000000086b00000, 0x0000000086c00000|  0%| F|  |TAMS 0x0000000086b00000, 0x0000000086b00000| Untracked 
|  84|0x0000000086c00000, 0x0000000086c00000, 0x0000000086d00000|  0%| F|  |TAMS 0x0000000086c00000, 0x0000000086c00000| Untracked 
|  85|0x0000000086d00000, 0x0000000086d00000, 0x0000000086e00000|  0%| F|  |TAMS 0x0000000086d00000, 0x0000000086d00000| Untracked 
|  86|0x0000000086e00000, 0x0000000086e00000, 0x0000000086f00000|  0%| F|  |TAMS 0x0000000086e00000, 0x0000000086e00000| Untracked 
|  87|0x0000000086f00000, 0x0000000086f00000, 0x0000000087000000|  0%| F|  |TAMS 0x0000000086f00000, 0x0000000086f00000| Untracked 
|  88|0x0000000087000000, 0x0000000087000000, 0x0000000087100000|  0%| F|  |TAMS 0x0000000087000000, 0x0000000087000000| Untracked 
|  89|0x0000000087100000, 0x0000000087100000, 0x0000000087200000|  0%| F|  |TAMS 0x0000000087100000, 0x0000000087100000| Untracked 
|  90|0x0000000087200000, 0x0000000087200000, 0x0000000087300000|  0%| F|  |TAMS 0x0000000087200000, 0x0000000087200000| Untracked 
|  91|0x0000000087300000, 0x0000000087300000, 0x0000000087400000|  0%| F|  |TAMS 0x0000000087300000, 0x0000000087300000| Untracked 
|  92|0x0000000087400000, 0x0000000087400000, 0x0000000087500000|  0%| F|  |TAMS 0x0000000087400000, 0x0000000087400000| Untracked 
|  93|0x0000000087500000, 0x0000000087500000, 0x0000000087600000|  0%| F|  |TAMS 0x0000000087500000, 0x0000000087500000| Untracked 
|  94|0x0000000087600000, 0x0000000087600000, 0x0000000087700000|  0%| F|  |TAMS 0x0000000087600000, 0x0000000087600000| Untracked 
|  95|0x0000000087700000, 0x0000000087700000, 0x0000000087800000|  0%| F|  |TAMS 0x0000000087700000, 0x0000000087700000| Untracked 
|  96|0x0000000087800000, 0x0000000087800000, 0x0000000087900000|  0%| F|  |TAMS 0x0000000087800000, 0x0000000087800000| Untracked 
|  97|0x0000000087900000, 0x0000000087900000, 0x0000000087a00000|  0%| F|  |TAMS 0x0000000087900000, 0x0000000087900000| Untracked 
|  98|0x0000000087a00000, 0x0000000087a00000, 0x0000000087b00000|  0%| F|  |TAMS 0x0000000087a00000, 0x0000000087a00000| Untracked 
|  99|0x0000000087b00000, 0x0000000087b00000, 0x0000000087c00000|  0%| F|  |TAMS 0x0000000087b00000, 0x0000000087b00000| Untracked 
| 100|0x0000000087c00000, 0x0000000087c00000, 0x0000000087d00000|  0%| F|  |TAMS 0x0000000087c00000, 0x0000000087c00000| Untracked 
| 101|0x0000000087d00000, 0x0000000087d00000, 0x0000000087e00000|  0%| F|  |TAMS 0x0000000087d00000, 0x0000000087d00000| Untracked 
| 102|0x0000000087e00000, 0x0000000087e00000, 0x0000000087f00000|  0%| F|  |TAMS 0x0000000087e00000, 0x0000000087e00000| Untracked 
| 103|0x0000000087f00000, 0x0000000087f00000, 0x0000000088000000|  0%| F|  |TAMS 0x0000000087f00000, 0x0000000087f00000| Untracked 
| 104|0x0000000088000000, 0x0000000088000000, 0x0000000088100000|  0%| F|  |TAMS 0x0000000088000000, 0x0000000088000000| Untracked 
| 105|0x0000000088100000, 0x0000000088100000, 0x0000000088200000|  0%| F|  |TAMS 0x0000000088100000, 0x0000000088100000| Untracked 
| 106|0x0000000088200000, 0x0000000088200000, 0x0000000088300000|  0%| F|  |TAMS 0x0000000088200000, 0x0000000088200000| Untracked 
| 107|0x0000000088300000, 0x0000000088300000, 0x0000000088400000|  0%| F|  |TAMS 0x0000000088300000, 0x0000000088300000| Untracked 
| 108|0x0000000088400000, 0x0000000088400000, 0x0000000088500000|  0%| F|  |TAMS 0x0000000088400000, 0x0000000088400000| Untracked 
| 109|0x0000000088500000, 0x0000000088500000, 0x0000000088600000|  0%| F|  |TAMS 0x0000000088500000, 0x0000000088500000| Untracked 
| 110|0x0000000088600000, 0x0000000088600000, 0x0000000088700000|  0%| F|  |TAMS 0x0000000088600000, 0x0000000088600000| Untracked 
| 111|0x0000000088700000, 0x0000000088700000, 0x0000000088800000|  0%| F|  |TAMS 0x0000000088700000, 0x0000000088700000| Untracked 
| 112|0x0000000088800000, 0x00000000888e6d40, 0x0000000088900000| 90%| S|CS|TAMS 0x0000000088800000, 0x0000000088800000| Complete 
| 113|0x0000000088900000, 0x0000000088900000, 0x0000000088a00000|  0%| F|  |TAMS 0x0000000088900000, 0x0000000088900000| Untracked 
| 114|0x0000000088a00000, 0x0000000088a00000, 0x0000000088b00000|  0%| F|  |TAMS 0x0000000088a00000, 0x0000000088a00000| Untracked 
| 115|0x0000000088b00000, 0x0000000088b00000, 0x0000000088c00000|  0%| F|  |TAMS 0x0000000088b00000, 0x0000000088b00000| Untracked 
| 116|0x0000000088c00000, 0x0000000088c00000, 0x0000000088d00000|  0%| F|  |TAMS 0x0000000088c00000, 0x0000000088c00000| Untracked 
| 117|0x0000000088d00000, 0x0000000088d00000, 0x0000000088e00000|  0%| F|  |TAMS 0x0000000088d00000, 0x0000000088d00000| Untracked 
| 118|0x0000000088e00000, 0x0000000088e00000, 0x0000000088f00000|  0%| F|  |TAMS 0x0000000088e00000, 0x0000000088e00000| Untracked 
| 119|0x0000000088f00000, 0x0000000088f00000, 0x0000000089000000|  0%| F|  |TAMS 0x0000000088f00000, 0x0000000088f00000| Untracked 
| 120|0x0000000089000000, 0x0000000089000000, 0x0000000089100000|  0%| F|  |TAMS 0x0000000089000000, 0x0000000089000000| Untracked 
| 121|0x0000000089100000, 0x0000000089100000, 0x0000000089200000|  0%| F|  |TAMS 0x0000000089100000, 0x0000000089100000| Untracked 
| 122|0x0000000089200000, 0x0000000089200000, 0x0000000089300000|  0%| F|  |TAMS 0x0000000089200000, 0x0000000089200000| Untracked 
| 123|0x0000000089300000, 0x0000000089300000, 0x0000000089400000|  0%| F|  |TAMS 0x0000000089300000, 0x0000000089300000| Untracked 
| 124|0x0000000089400000, 0x0000000089400000, 0x0000000089500000|  0%| F|  |TAMS 0x0000000089400000, 0x0000000089400000| Untracked 
| 125|0x0000000089500000, 0x0000000089500000, 0x0000000089600000|  0%| F|  |TAMS 0x0000000089500000, 0x0000000089500000| Untracked 
| 126|0x0000000089600000, 0x0000000089600000, 0x0000000089700000|  0%| F|  |TAMS 0x0000000089600000, 0x0000000089600000| Untracked 
| 127|0x0000000089700000, 0x0000000089800000, 0x0000000089800000|100%| E|  |TAMS 0x0000000089700000, 0x0000000089700000| Complete 

Card table byte_map: [0x0000021e46700000,0x0000021e46b00000] _byte_map_base: 0x0000021e462f4000

Marking Bits (Prev, Next): (CMBitMap*) 0x0000021e33686238, (CMBitMap*) 0x0000021e33686278
 Prev Bits: [0x0000021e46f00000, 0x0000021e48ea0000)
 Next Bits: [0x0000021e48ea0000, 0x0000021e4ae40000)

Polling page: 0x0000021e31490000

Metaspace:

Usage:
  Non-class:     13.04 MB capacity,    12.71 MB ( 97%) used,   298.52 KB (  2%) free+waste,    44.63 KB ( <1%) overhead. 
      Class:      1.67 MB capacity,     1.51 MB ( 90%) used,   146.73 KB (  9%) free+waste,    22.50 KB (  1%) overhead. 
       Both:     14.72 MB capacity,    14.22 MB ( 97%) used,   445.26 KB (  3%) free+waste,    67.13 KB ( <1%) overhead. 

Virtual space:
  Non-class space:       18.00 MB reserved,      13.25 MB ( 74%) committed 
      Class space:        1.00 GB reserved,       1.75 MB ( <1%) committed 
             Both:        1.02 GB reserved,      15.00 MB (  1%) committed 

Chunk freelists:
   Non-Class:  20.00 KB
       Class:  15.00 KB
        Both:  35.00 KB

MaxMetaspaceSize: 17179869184.00 GB
CompressedClassSpaceSize: 1.00 GB

CodeHeap 'non-profiled nmethods': size=120000Kb used=467Kb max_used=467Kb free=119533Kb
 bounds [0x0000021e3edd0000, 0x0000021e3f040000, 0x0000021e46300000]
CodeHeap 'profiled nmethods': size=120000Kb used=2674Kb max_used=2674Kb free=117326Kb
 bounds [0x0000021e378a0000, 0x0000021e37b40000, 0x0000021e3edd0000]
CodeHeap 'non-nmethods': size=5760Kb used=1172Kb max_used=1188Kb free=4587Kb
 bounds [0x0000021e37300000, 0x0000021e37570000, 0x0000021e378a0000]
 total_blobs=1784 nmethods=1355 adapters=342
 compilation: enabled
              stopped_count=0, restarted_count=0
 full_count=0

Compilation events (20 events):
Event: 1.741 Thread 0x0000021e4dbc2000 nmethod 1323 0x0000021e37b2d190 code [0x0000021e37b2d3c0, 0x0000021e37b2db78]
Event: 1.741 Thread 0x0000021e4dbc2000 1324       3       java.net.URLStreamHandler::setURL (159 bytes)
Event: 1.743 Thread 0x0000021e4dbc2000 nmethod 1324 0x0000021e37b2de90 code [0x0000021e37b2e240, 0x0000021e37b2f988]
Event: 1.744 Thread 0x0000021e4dbc2000 1325  s    3       java.util.jar.JarFile::getInputStream (72 bytes)
Event: 1.745 Thread 0x0000021e4dbc2000 nmethod 1325 0x0000021e37b30310 code [0x0000021e37b30520, 0x0000021e37b30b38]
Event: 1.754 Thread 0x0000021e4dbb7000 nmethod 1319 0x0000021e3ee3f390 code [0x0000021e3ee3f6a0, 0x0000021e3ee40a80]
Event: 1.755 Thread 0x0000021e4dbb7000 1320       4       java.lang.StringCoding::encodeUTF8 (132 bytes)
Event: 1.755 Thread 0x0000021e4dbc2000 1326       3       jdk.internal.loader.URLClassPath$JarLoader$2::getManifest (26 bytes)
Event: 1.755 Thread 0x0000021e4dbc2000 nmethod 1326 0x0000021e37b30d10 code [0x0000021e37b30f00, 0x0000021e37b313a8]
Event: 1.755 Thread 0x0000021e4dbc2000 1327       3       java.util.jar.JavaUtilJarAccessImpl::getTrustedAttributes (6 bytes)
Event: 1.756 Thread 0x0000021e4dbc2000 nmethod 1327 0x0000021e37b31610 code [0x0000021e37b317c0, 0x0000021e37b31908]
Event: 1.756 Thread 0x0000021e4dbc2000 1328       3       jdk.internal.loader.URLClassPath$JarLoader$2::getInputStream (15 bytes)
Event: 1.756 Thread 0x0000021e4dbc2000 nmethod 1328 0x0000021e37b31a10 code [0x0000021e37b31bc0, 0x0000021e37b31d88]
Event: 1.756 Thread 0x0000021e4dbc2000 1329       3       jdk.internal.loader.URLClassPath$JarLoader$2::getContentLength (9 bytes)
Event: 1.756 Thread 0x0000021e4dbc2000 nmethod 1329 0x0000021e37b31e90 code [0x0000021e37b32020, 0x0000021e37b321b8]
Event: 1.756 Thread 0x0000021e4dbc2000 1330       3       jdk.internal.loader.URLClassPath$JarLoader$2::getCodeSigners (8 bytes)
Event: 1.757 Thread 0x0000021e4dbc2000 nmethod 1330 0x0000021e37b32290 code [0x0000021e37b32440, 0x0000021e37b32608]
Event: 1.757 Thread 0x0000021e4dbc2000 1331   !   3       java.util.jar.JarFile$JarFileEntry::getCodeSigners (81 bytes)
Event: 1.757 Thread 0x0000021e4dbb7000 nmethod 1320 0x0000021e3ee41510 code [0x0000021e3ee416c0, 0x0000021e3ee41938]
Event: 1.757 Thread 0x0000021e4dbc2000 nmethod 1331 0x0000021e37b32710 code [0x0000021e37b32920, 0x0000021e37b32ec8]

GC Heap History (2 events):
Event: 1.288 GC heap before
{Heap before GC invocations=0 (full 0):
 garbage-first heap   total 131072K, used 12288K [0x0000000081800000, 0x0000000100000000)
  region size 1024K, 13 young (13312K), 0 survivors (0K)
 Metaspace       used 11318K, capacity 11522K, committed 11648K, reserved 1060864K
  class space    used 1065K, capacity 1117K, committed 1152K, reserved 1048576K
}
Event: 1.292 GC heap after
{Heap after GC invocations=1 (full 0):
 garbage-first heap   total 131072K, used 3010K [0x0000000081800000, 0x0000000100000000)
  region size 1024K, 2 young (2048K), 2 survivors (2048K)
 Metaspace       used 11318K, capacity 11522K, committed 11648K, reserved 1060864K
  class space    used 1065K, capacity 1117K, committed 1152K, reserved 1048576K
}

Deoptimization events (20 events):
Event: 1.658 Thread 0x0000021e33644000 Uncommon trap: trap_request=0xffffffde fr.pc=0x0000021e3ee3bb68 relative=0x0000000000000108
Event: 1.658 Thread 0x0000021e33644000 Uncommon trap: reason=class_check action=maybe_recompile pc=0x0000021e3ee3bb68 method=jdk.internal.misc.Unsafe.allocateUninitializedArray(Ljava/lang/Class;I)Ljava/lang/Object; @ 51 c2
Event: 1.658 Thread 0x0000021e33644000 DEOPT PACKING pc=0x0000021e3ee3bb68 sp=0x000000d8594fc280
Event: 1.658 Thread 0x0000021e33644000 DEOPT UNPACKING pc=0x0000021e3734912f sp=0x000000d8594fc208 mode 2
Event: 1.658 Thread 0x0000021e33644000 Uncommon trap: trap_request=0xffffffde fr.pc=0x0000021e3ee3bb68 relative=0x0000000000000108
Event: 1.658 Thread 0x0000021e33644000 Uncommon trap: reason=class_check action=maybe_recompile pc=0x0000021e3ee3bb68 method=jdk.internal.misc.Unsafe.allocateUninitializedArray(Ljava/lang/Class;I)Ljava/lang/Object; @ 51 c2
Event: 1.658 Thread 0x0000021e33644000 DEOPT PACKING pc=0x0000021e3ee3bb68 sp=0x000000d8594fc3c0
Event: 1.658 Thread 0x0000021e33644000 DEOPT UNPACKING pc=0x0000021e3734912f sp=0x000000d8594fc348 mode 2
Event: 1.662 Thread 0x0000021e33644000 Uncommon trap: trap_request=0xffffffde fr.pc=0x0000021e3ee3bb68 relative=0x0000000000000108
Event: 1.662 Thread 0x0000021e33644000 Uncommon trap: reason=class_check action=maybe_recompile pc=0x0000021e3ee3bb68 method=jdk.internal.misc.Unsafe.allocateUninitializedArray(Ljava/lang/Class;I)Ljava/lang/Object; @ 51 c2
Event: 1.662 Thread 0x0000021e33644000 DEOPT PACKING pc=0x0000021e3ee3bb68 sp=0x000000d8594fc690
Event: 1.662 Thread 0x0000021e33644000 DEOPT UNPACKING pc=0x0000021e3734912f sp=0x000000d8594fc618 mode 2
Event: 1.670 Thread 0x0000021e33644000 Uncommon trap: trap_request=0xffffff45 fr.pc=0x0000021e3edf7be8 relative=0x0000000000000228
Event: 1.670 Thread 0x0000021e33644000 Uncommon trap: reason=unstable_if action=reinterpret pc=0x0000021e3edf7be8 method=java.lang.String.hashCode()I @ 20 c2
Event: 1.670 Thread 0x0000021e33644000 DEOPT PACKING pc=0x0000021e3edf7be8 sp=0x000000d8594fc070
Event: 1.670 Thread 0x0000021e33644000 DEOPT UNPACKING pc=0x0000021e3734912f sp=0x000000d8594fc000 mode 2
Event: 1.677 Thread 0x0000021e33644000 DEOPT PACKING pc=0x0000021e37969010 sp=0x000000d8594f7cb0
Event: 1.677 Thread 0x0000021e33644000 DEOPT UNPACKING pc=0x0000021e3734964e sp=0x000000d8594f71c8 mode 0
Event: 1.711 Thread 0x0000021e33644000 DEOPT PACKING pc=0x0000021e378d35c8 sp=0x000000d8594f6cd0
Event: 1.711 Thread 0x0000021e33644000 DEOPT UNPACKING pc=0x0000021e3734964e sp=0x000000d8594f61d8 mode 0

Classes unloaded (0 events):
No events

Classes redefined (0 events):
No events

Internal exceptions (20 events):
Event: 1.316 Thread 0x0000021e33644000 Exception <a 'java/lang/NoSuchMethodError'{0x00000000897cc970}: 'java.lang.Object java.lang.invoke.DirectMethodHandle$Holder.invokeStaticInit(java.lang.Object, java.lang.Object, java.lang.Object)'> (0x00000000897cc970) 
thrown [./open/src/hotspot/share/interpreter/linkResolver.cpp, line 766]
Event: 1.318 Thread 0x0000021e33644000 Exception <a 'java/lang/NoSuchMethodError'{0x00000000897d3560}: 'void java.lang.invoke.DirectMethodHandle$Holder.invokeStaticInit(java.lang.Object, java.lang.Object, java.lang.Object)'> (0x00000000897d3560) 
thrown [./open/src/hotspot/share/interpreter/linkResolver.cpp, line 766]
Event: 1.392 Thread 0x0000021e33644000 Exception <a 'java/lang/NoSuchMethodError'{0x00000000895d1d30}: 'java.lang.Object java.lang.invoke.DirectMethodHandle$Holder.invokeSpecialIFC(java.lang.Object, java.lang.Object, java.lang.Object, java.lang.Object)'> (0x00000000895d1d30) 
thrown [./open/src/hotspot/share/interpreter/linkResolver.cpp, line 766]
Event: 1.418 Thread 0x0000021e33644000 Exception <a 'java/lang/NoSuchMethodError'{0x00000000894463d0}: 'void java.lang.invoke.DirectMethodHandle$Holder.invokeSpecial(java.lang.Object, java.lang.Object, java.lang.Object, java.lang.Object)'> (0x00000000894463d0) 
thrown [./open/src/hotspot/share/interpreter/linkResolver.cpp, line 766]
Event: 1.426 Thread 0x0000021e33644000 Exception <a 'java/lang/NoSuchMethodError'{0x00000000894744b0}: 'java.lang.Object java.lang.invoke.Invokers$Holder.linkToTargetMethod(java.lang.Object, java.lang.Object, java.lang.Object, java.lang.Object, java.lang.Object, java.lang.Object)'> (0x00000000894744b0) 
thrown [./open/src/hotspot/share/interpreter/linkResolver.cpp, line 766]
Event: 1.435 Thread 0x0000021e33644000 Exception <a 'java/lang/NoSuchMethodError'{0x00000000894bc300}: 'void java.lang.invoke.DirectMethodHandle$Holder.invokeInterface(java.lang.Object, java.lang.Object, java.lang.Object, java.lang.Object, java.lang.Object)'> (0x00000000894bc300) 
thrown [./open/src/hotspot/share/interpreter/linkResolver.cpp, line 766]
Event: 1.435 Thread 0x0000021e33644000 Exception <a 'java/lang/IncompatibleClassChangeError'{0x00000000894bf4e0}: Found class java.lang.Object, but interface was expected> (0x00000000894bf4e0) 
thrown [./open/src/hotspot/share/interpreter/linkResolver.cpp, line 832]
Event: 1.443 Thread 0x0000021e33644000 Exception <a 'java/lang/IncompatibleClassChangeError'{0x00000000894e9f88}: Found class java.lang.Object, but interface was expected> (0x00000000894e9f88) 
thrown [./open/src/hotspot/share/interpreter/linkResolver.cpp, line 832]
Event: 1.448 Thread 0x0000021e33644000 Exception <a 'java/lang/NoSuchMethodError'{0x0000000089307d58}: 'void java.lang.invoke.DirectMethodHandle$Holder.invokeSpecial(java.lang.Object, java.lang.Object, java.lang.Object, java.lang.Object, java.lang.Object)'> (0x0000000089307d58) 
thrown [./open/src/hotspot/share/interpreter/linkResolver.cpp, line 766]
Event: 1.518 Thread 0x0000021e33644000 Exception <a 'java/lang/NoSuchMethodError'{0x00000000891b8890}: 'java.lang.Object java.lang.invoke.DirectMethodHandle$Holder.invokeVirtual(java.lang.Object, java.lang.Object, java.lang.Object)'> (0x00000000891b8890) 
thrown [./open/src/hotspot/share/interpreter/linkResolver.cpp, line 766]
Event: 1.532 Thread 0x0000021e33644000 Exception <a 'java/lang/NoSuchMethodError'{0x00000000891fbcf8}: 'void java.lang.invoke.DirectMethodHandle$Holder.invokeInterface(java.lang.Object, java.lang.Object, java.lang.Object, java.lang.Object)'> (0x00000000891fbcf8) 
thrown [./open/src/hotspot/share/interpreter/linkResolver.cpp, line 766]
Event: 1.532 Thread 0x0000021e33644000 Exception <a 'java/lang/IncompatibleClassChangeError'{0x00000000891fe720}: Found class java.lang.Object, but interface was expected> (0x00000000891fe720) 
thrown [./open/src/hotspot/share/interpreter/linkResolver.cpp, line 832]
Event: 1.536 Thread 0x0000021e33644000 Exception <a 'java/lang/NoSuchMethodError'{0x0000000089013d18}: 'void java.lang.invoke.DirectMethodHandle$Holder.invokeStatic(java.lang.Object, java.lang.Object, java.lang.Object, java.lang.Object)'> (0x0000000089013d18) 
thrown [./open/src/hotspot/share/interpreter/linkResolver.cpp, line 766]
Event: 1.555 Thread 0x0000021e33644000 Exception <a 'java/lang/NoSuchMethodError'{0x000000008907e248}: 'java.lang.Object java.lang.invoke.Invokers$Holder.invokeExact_MT(java.lang.Object, java.lang.Object, java.lang.Object, java.lang.Object, java.lang.Object, java.lang.Object)'> (0x000000008907e248) 
thrown [./open/src/hotspot/share/interpreter/linkResolver.cpp, line 766]
Event: 1.587 Thread 0x0000021e33644000 Exception <a 'java/lang/NoSuchMethodError'{0x0000000088fb1020}: 'void java.lang.invoke.DirectMethodHandle$Holder.invokeSpecial(java.lang.Object, java.lang.Object)'> (0x0000000088fb1020) 
thrown [./open/src/hotspot/share/interpreter/linkResolver.cpp, line 766]
Event: 1.612 Thread 0x0000021e33644000 Exception <a 'java/lang/NoSuchMethodError'{0x0000000088e6ecb8}: 'int java.lang.invoke.DirectMethodHandle$Holder.invokeStaticInit(java.lang.Object, java.lang.Object, java.lang.Object)'> (0x0000000088e6ecb8) 
thrown [./open/src/hotspot/share/interpreter/linkResolver.cpp, line 766]
Event: 1.634 Thread 0x0000021e33644000 Exception <a 'java/lang/NoSuchMethodError'{0x0000000088d07e78}: 'int java.lang.invoke.DirectMethodHandle$Holder.invokeStaticInit(java.lang.Object, java.lang.Object)'> (0x0000000088d07e78) 
thrown [./open/src/hotspot/share/interpreter/linkResolver.cpp, line 766]
Event: 1.645 Thread 0x0000021e33644000 Exception <a 'java/lang/NoSuchMethodError'{0x0000000088d5bcd0}: 'java.lang.Object java.lang.invoke.DirectMethodHandle$Holder.invokeInterface(java.lang.Object, java.lang.Object, java.lang.Object, java.lang.Object, java.lang.Object)'> (0x0000000088d5bcd0) 
thrown [./open/src/hotspot/share/interpreter/linkResolver.cpp, line 766]
Event: 1.645 Thread 0x0000021e33644000 Exception <a 'java/lang/IncompatibleClassChangeError'{0x0000000088d5efd8}: Found class java.lang.Object, but interface was expected> (0x0000000088d5efd8) 
thrown [./open/src/hotspot/share/interpreter/linkResolver.cpp, line 832]
Event: 1.660 Thread 0x0000021e33644000 Exception <a 'java/lang/IncompatibleClassChangeError'{0x0000000088da4940}: Found class java.lang.Object, but interface was expected> (0x0000000088da4940) 
thrown [./open/src/hotspot/share/interpreter/linkResolver.cpp, line 832]

Events (20 events):
Event: 1.692 loading class java/net/MalformedURLException
Event: 1.692 loading class java/net/MalformedURLException done
Event: 1.693 loading class java/lang/IllegalThreadStateException
Event: 1.693 loading class java/lang/IllegalThreadStateException done
Event: 1.694 Executing VM operation: HandshakeAllThreads
Event: 1.694 Executing VM operation: HandshakeAllThreads done
Event: 1.734 loading class java/net/ConnectException
Event: 1.734 loading class java/net/SocketException
Event: 1.734 loading class java/net/SocketException done
Event: 1.734 loading class java/net/ConnectException done
Event: 1.734 loading class java/net/UnknownHostException
Event: 1.734 loading class java/net/UnknownHostException done
Event: 1.734 loading class java/net/SocketTimeoutException
Event: 1.734 loading class java/io/InterruptedIOException
Event: 1.735 loading class java/io/InterruptedIOException done
Event: 1.735 loading class java/net/SocketTimeoutException done
Event: 1.735 loading class java/util/Random
Event: 1.735 loading class java/util/Random done
Event: 1.767 loading class java/lang/NumberFormatException
Event: 1.767 loading class java/lang/NumberFormatException done


Dynamic libraries:
0x00007ff762000000 - 0x00007ff76200d000 	C:\Users\Nataliaado\.p2\pool\plugins\org.eclipse.justj.openjdk.hotspot.jre.full.win32.x86_64_14.0.2.v20200815-0932\jre\bin\javaw.exe
0x00007ff983560000 - 0x00007ff983750000 	C:\WINDOWS\SYSTEM32\ntdll.dll
0x00007ff982090000 - 0x00007ff982142000 	C:\WINDOWS\System32\KERNEL32.DLL
0x00007ff980f30000 - 0x00007ff9811d5000 	C:\WINDOWS\System32\KERNELBASE.dll
0x00007ff9814b0000 - 0x00007ff9815aa000 	C:\WINDOWS\System32\ucrtbase.dll
0x00007ff97a770000 - 0x00007ff97a788000 	C:\Users\Nataliaado\.p2\pool\plugins\org.eclipse.justj.openjdk.hotspot.jre.full.win32.x86_64_14.0.2.v20200815-0932\jre\bin\jli.dll
0x00007ff981e90000 - 0x00007ff982024000 	C:\WINDOWS\System32\USER32.dll
0x00007ff9815b0000 - 0x00007ff9815d1000 	C:\WINDOWS\System32\win32u.dll
0x00007ff9834f0000 - 0x00007ff983516000 	C:\WINDOWS\System32\GDI32.dll
0x00007ff980610000 - 0x00007ff9807a8000 	C:\WINDOWS\System32\gdi32full.dll
0x00007ff9804e0000 - 0x00007ff98057e000 	C:\WINDOWS\System32\msvcp_win.dll
0x00007ff97a750000 - 0x00007ff97a765000 	C:\Users\Nataliaado\.p2\pool\plugins\org.eclipse.justj.openjdk.hotspot.jre.full.win32.x86_64_14.0.2.v20200815-0932\jre\bin\VCRUNTIME140.dll
0x00007ff96e390000 - 0x00007ff96e614000 	C:\WINDOWS\WinSxS\amd64_microsoft.windows.common-controls_6595b64144ccf1df_6.0.18362.1316_none_9e7a364fe461dbd7\COMCTL32.dll
0x00007ff983300000 - 0x00007ff98339e000 	C:\WINDOWS\System32\msvcrt.dll
0x00007ff982ee0000 - 0x00007ff983217000 	C:\WINDOWS\System32\combase.dll
0x00007ff982c70000 - 0x00007ff982d8f000 	C:\WINDOWS\System32\RPCRT4.dll
0x00007ff980580000 - 0x00007ff980601000 	C:\WINDOWS\System32\bcryptPrimitives.dll
0x00007ff982960000 - 0x00007ff98298e000 	C:\WINDOWS\System32\IMM32.DLL
0x00007ff95a5d0000 - 0x00007ff95a66b000 	C:\Users\Nataliaado\.p2\pool\plugins\org.eclipse.justj.openjdk.hotspot.jre.full.win32.x86_64_14.0.2.v20200815-0932\jre\bin\msvcp140.dll
0x00007ff9271d0000 - 0x00007ff927cee000 	C:\Users\Nataliaado\.p2\pool\plugins\org.eclipse.justj.openjdk.hotspot.jre.full.win32.x86_64_14.0.2.v20200815-0932\jre\bin\server\jvm.dll
0x00007ff982e30000 - 0x00007ff982ed3000 	C:\WINDOWS\System32\ADVAPI32.dll
0x00007ff982d90000 - 0x00007ff982e27000 	C:\WINDOWS\System32\sechost.dll
0x00007ff9834e0000 - 0x00007ff9834e8000 	C:\WINDOWS\System32\PSAPI.DLL
0x00007ff97cb20000 - 0x00007ff97cb44000 	C:\WINDOWS\SYSTEM32\WINMM.dll
0x00007ff97a580000 - 0x00007ff97a589000 	C:\WINDOWS\SYSTEM32\WSOCK32.dll
0x00007ff983470000 - 0x00007ff9834df000 	C:\WINDOWS\System32\WS2_32.dll
0x00007ff978fc0000 - 0x00007ff978fca000 	C:\WINDOWS\SYSTEM32\VERSION.dll
0x00007ff97caf0000 - 0x00007ff97cb1d000 	C:\WINDOWS\SYSTEM32\WINMMBASE.dll
0x00007ff981240000 - 0x00007ff98128a000 	C:\WINDOWS\System32\cfgmgr32.dll
0x00007ff980420000 - 0x00007ff980431000 	C:\WINDOWS\System32\kernel.appcore.dll
0x00007ff97b6b0000 - 0x00007ff97b6ba000 	C:\Users\Nataliaado\.p2\pool\plugins\org.eclipse.justj.openjdk.hotspot.jre.full.win32.x86_64_14.0.2.v20200815-0932\jre\bin\jimage.dll
0x00007ff97ecf0000 - 0x00007ff97eee4000 	C:\WINDOWS\SYSTEM32\DBGHELP.DLL
0x00007ff967e40000 - 0x00007ff967e6a000 	C:\WINDOWS\SYSTEM32\dbgcore.DLL
0x00007ff9784e0000 - 0x00007ff978505000 	C:\Users\Nataliaado\.p2\pool\plugins\org.eclipse.justj.openjdk.hotspot.jre.full.win32.x86_64_14.0.2.v20200815-0932\jre\bin\java.dll
0x00007ff978430000 - 0x00007ff978446000 	C:\Users\Nataliaado\.p2\pool\plugins\org.eclipse.justj.openjdk.hotspot.jre.full.win32.x86_64_14.0.2.v20200815-0932\jre\bin\zip.dll
0x00007ff981670000 - 0x00007ff981d58000 	C:\WINDOWS\System32\SHELL32.dll
0x00007ff981d60000 - 0x00007ff981e07000 	C:\WINDOWS\System32\shcore.dll
0x00007ff9807b0000 - 0x00007ff980f2b000 	C:\WINDOWS\System32\windows.storage.dll
0x00007ff980490000 - 0x00007ff9804b3000 	C:\WINDOWS\System32\profapi.dll
0x00007ff980440000 - 0x00007ff98048a000 	C:\WINDOWS\System32\powrprof.dll
0x00007ff980410000 - 0x00007ff980420000 	C:\WINDOWS\System32\UMPDC.dll
0x00007ff981610000 - 0x00007ff981662000 	C:\WINDOWS\System32\shlwapi.dll
0x00007ff981340000 - 0x00007ff981357000 	C:\WINDOWS\System32\cryptsp.dll
0x00007ff978410000 - 0x00007ff978429000 	C:\Users\Nataliaado\.p2\pool\plugins\org.eclipse.justj.openjdk.hotspot.jre.full.win32.x86_64_14.0.2.v20200815-0932\jre\bin\net.dll
0x00007ff977f40000 - 0x00007ff978030000 	C:\WINDOWS\SYSTEM32\WINHTTP.dll
0x00007ff97fc50000 - 0x00007ff97fcb7000 	C:\WINDOWS\system32\mswsock.dll
0x00007ff9783f0000 - 0x00007ff978402000 	C:\Users\Nataliaado\.p2\pool\plugins\org.eclipse.justj.openjdk.hotspot.jre.full.win32.x86_64_14.0.2.v20200815-0932\jre\bin\nio.dll
0x00007ff975e80000 - 0x00007ff975e90000 	C:\Users\Nataliaado\.p2\pool\plugins\org.eclipse.justj.openjdk.hotspot.jre.full.win32.x86_64_14.0.2.v20200815-0932\jre\bin\verify.dll
0x00007ff97f900000 - 0x00007ff97f93a000 	C:\WINDOWS\SYSTEM32\IPHLPAPI.DLL
0x00007ff983280000 - 0x00007ff983288000 	C:\WINDOWS\System32\NSI.dll
0x00007ff9773e0000 - 0x00007ff9773f6000 	C:\WINDOWS\SYSTEM32\dhcpcsvc6.DLL
0x00007ff977400000 - 0x00007ff97741c000 	C:\WINDOWS\SYSTEM32\dhcpcsvc.DLL
0x00007ff97f940000 - 0x00007ff97fa0b000 	C:\WINDOWS\SYSTEM32\DNSAPI.dll
0x00007ff978850000 - 0x00007ff97885a000 	C:\Windows\System32\rasadhlp.dll
0x00007ff975a20000 - 0x00007ff975a97000 	C:\WINDOWS\System32\fwpuclnt.dll
0x00007ff9815e0000 - 0x00007ff981606000 	C:\WINDOWS\System32\bcrypt.dll

dbghelp: loaded successfully - version: 4.0.5 - missing functions: none
symbol engine: initialized successfully - sym options: 0x614 - pdb path: .;C:\Users\Nataliaado\.p2\pool\plugins\org.eclipse.justj.openjdk.hotspot.jre.full.win32.x86_64_14.0.2.v20200815-0932\jre\bin;C:\WINDOWS\SYSTEM32;C:\WINDOWS\WinSxS\amd64_microsoft.windows.common-controls_6595b64144ccf1df_6.0.18362.1316_none_9e7a364fe461dbd7;C:\Users\Nataliaado\.p2\pool\plugins\org.eclipse.justj.openjdk.hotspot.jre.full.win32.x86_64_14.0.2.v20200815-0932\jre\bin\server

VM Arguments:
jvm_args: -ea -Dfile.encoding=UTF-8 -XX:+ShowCodeDetailsInExceptionMessages 
java_command: org.eclipse.jdt.internal.junit.runner.RemoteTestRunner -version 3 -port 59003 -testLoaderClass org.eclipse.jdt.internal.junit5.runner.JUnit5TestLoader -loaderpluginname org.eclipse.jdt.junit5.runtime -classNames projeto.junit5.tests.TestFacebook
java_class_path (initial): C:\Users\Nataliaado\Downloads\junit5\target\test-classes;C:\Users\Nataliaado\Downloads\junit5\target\classes;C:\Users\Nataliaado\.p2\pool\plugins\org.junit.jupiter.api_5.6.0.v20200203-2009.jar;C:\Users\Nataliaado\.p2\pool\plugins\org.junit.jupiter.engine_5.6.0.v20200203-2009.jar;C:\Users\Nataliaado\.p2\pool\plugins\org.junit.jupiter.migrationsupport_5.6.0.v20200203-2009.jar;C:\Users\Nataliaado\.p2\pool\plugins\org.junit.jupiter.params_5.6.0.v20200203-2009.jar;C:\Users\Nataliaado\.p2\pool\plugins\org.junit.platform.commons_1.6.0.v20200203-2009.jar;C:\Users\Nataliaado\.p2\pool\plugins\org.junit.platform.engine_1.6.0.v20200203-2009.jar;C:\Users\Nataliaado\.p2\pool\plugins\org.junit.platform.launcher_1.6.0.v20200203-2009.jar;C:\Users\Nataliaado\.p2\pool\plugins\org.junit.platform.runner_1.6.0.v20200203-2009.jar;C:\Users\Nataliaado\.p2\pool\plugins\org.junit.platform.suite.api_1.6.0.v20200203-2009.jar;C:\Users\Nataliaado\.p2\pool\plugins\org.junit.vintage.engine_5.6.0.v20200203-2009.jar;C:\Users\Nataliaado\.p2\pool\plugins\org.opentest4j_1.2.0.v20190826-0900.jar;C:\Users\Nataliaado\.p2\pool\plugins\org.apiguardian_1.1.0.v20190826-0900.jar;C:\Users\Nataliaado\.p2\pool\plugins\org.junit_4.13.0.v20200204-1500.jar;C:\Users\Nataliaado\.p2\pool\plugins\org.hamcrest.core_1.3.0.v20180420-1519.jar;C:\Users\Nataliaado\.m2\repository\junit\junit\4.11\junit-4.11.jar;C:\Users\Nataliaado\.m2\repository\org\hamcrest\hamcrest-core\1.3\hamcrest-core-1.3.jar;C:\Users\Nataliaado\.m2\repository\org\seleniumhq\selenium\selenium-java\3.141.59\selenium-java-3.141.59.jar;C:\Users\Nataliaado\.m2\repository\org\seleniumhq\selenium\selenium-api\3.141.59\selenium-api-3.141.59.jar;C:\Users\Nataliaado\.m2\repository\org\seleniumhq\selenium\selenium-chrome-driver\3.141.59\selenium-chrome-driver-3.141.59.jar;C:\Users\Nataliaado\.m2\repository\org\seleniumhq\selenium\selenium-edge-driver\3.141.59\selenium-edge-driver-3.141.59.jar;C:\Users\Nataliaado\.m2\repository\org\seleni
Launcher Type: SUN_STANDARD

[Global flags]
     intx CICompilerCount                          = 3                                         {product} {ergonomic}
     uint ConcGCThreads                            = 1                                         {product} {ergonomic}
     uint G1ConcRefinementThreads                  = 4                                         {product} {ergonomic}
   size_t G1HeapRegionSize                         = 1048576                                   {product} {ergonomic}
    uintx GCDrainStackTargetSize                   = 64                                        {product} {ergonomic}
   size_t InitialHeapSize                          = 134217728                                 {product} {ergonomic}
   size_t MarkStackSize                            = 4194304                                   {product} {ergonomic}
   size_t MaxHeapSize                              = 2122317824                                {product} {ergonomic}
   size_t MaxNewSize                               = 1272971264                                {product} {ergonomic}
   size_t MinHeapDeltaBytes                        = 1048576                                   {product} {ergonomic}
   size_t MinHeapSize                              = 8388608                                   {product} {ergonomic}
    uintx NonNMethodCodeHeapSize                   = 5832780                                {pd product} {ergonomic}
    uintx NonProfiledCodeHeapSize                  = 122912730                              {pd product} {ergonomic}
    uintx ProfiledCodeHeapSize                     = 122912730                              {pd product} {ergonomic}
    uintx ReservedCodeCacheSize                    = 251658240                              {pd product} {ergonomic}
     bool SegmentedCodeCache                       = true                                      {product} {ergonomic}
     bool ShowCodeDetailsInExceptionMessages       = true                                   {manageable} {command line}
   size_t SoftMaxHeapSize                          = 2122317824                             {manageable} {ergonomic}
     bool UseCompressedClassPointers               = true                                 {lp64_product} {ergonomic}
     bool UseCompressedOops                        = true                                 {lp64_product} {ergonomic}
     bool UseG1GC                                  = true                                      {product} {ergonomic}
     bool UseLargePagesIndividualAllocation        = false                                  {pd product} {ergonomic}

Logging:
Log output configuration:
 #0: stdout all=warning uptime,level,tags
 #1: stderr all=off uptime,level,tags

Environment Variables:
PATH=C:/Users/Nataliaado/.p2/pool/plugins/org.eclipse.justj.openjdk.hotspot.jre.full.win32.x86_64_14.0.2.v20200815-0932/jre/bin/server;C:/Users/Nataliaado/.p2/pool/plugins/org.eclipse.justj.openjdk.hotspot.jre.full.win32.x86_64_14.0.2.v20200815-0932/jre/bin;C:\Program Files (x86)\Common Files\Oracle\Java\javapath;C:\Windows\system32;C:\Windows;C:\Windows\System32\Wbem;C:\Windows\System32\WindowsPowerShell\v1.0\;C:\Program Files (x86)\NVIDIA Corporation\PhysX\Common;C:\WINDOWS\system32;C:\WINDOWS;C:\WINDOWS\System32\Wbem;C:\WINDOWS\System32\WindowsPowerShell\v1.0\;C:\WINDOWS\System32\OpenSSH\;C:\Program Files (x86)\Intel\Intel(R) Management Engine Components\DAL;C:\Program Files\Intel\Intel(R) Management Engine Components\DAL;C:\Program Files\Git\cmd;"C:\Users\Nataliaado\AppData\Local\Microsoft\WindowsApps;C:\Program Files\bin";C:\Users\Nataliaado\eclipse\jee-2020-09\eclipse;
USERNAME=Nataliaado
OS=Windows_NT
PROCESSOR_IDENTIFIER=Intel64 Family 6 Model 142 Stepping 9, GenuineIntel



---------------  S Y S T E M  ---------------

OS: Windows 10 , 64 bit Build 18362 (10.0.18362.1316)
OS uptime: 18 days 23:57 hours

CPU:total 4 (initial active 4) (2 cores per cpu, 2 threads per core) family 6 model 142 stepping 9, cmov, cx8, fxsr, mmx, sse, sse2, sse3, ssse3, sse4.1, sse4.2, popcnt, avx, avx2, aes, clmul, erms, 3dnowpref, lzcnt, ht, tsc, tscinvbit, bmi1, bmi2, adx, fma

Memory: 4k page, system-wide physical 8090M (1057M free)
TotalPageFile size 8090M (AvailPageFile size 5M)
current process WorkingSet (physical memory assigned to process): 77M, peak: 77M
current process commit charge ("private bytes"): 217M, peak: 218M

vm_info: OpenJDK 64-Bit Server VM (14.0.2+12-46) for windows-amd64 JRE (14.0.2+12-46), built on Jul  9 2020 00:31:16 by "mach5one" with MS VC++ 15.9 (VS2017)

END.
